[130905] StackTrace Sanitizing stacktrace:
groovy.lang.MissingMethodException: No signature of method: ExercisesController.redirect() is applicable for argument types: (java.lang.String) values: {"/"}
	at sun.reflect.NativeConstructorAccessorImpl.newInstance0(Native Method)
	at sun.reflect.NativeConstructorAccessorImpl.newInstance(NativeConstructorAccessorImpl.java:39)
	at sun.reflect.DelegatingConstructorAccessorImpl.newInstance(DelegatingConstructorAccessorImpl.java:27)
	at java.lang.reflect.Constructor.newInstance(Constructor.java:513)
	at org.codehaus.groovy.runtime.MetaClassHelper.doConstructorInvoke(MetaClassHelper.java:535)
	at groovy.lang.MetaClassImpl.doConstructorInvoke(MetaClassImpl.java:2356)
	at groovy.lang.MetaClassImpl.invokeConstructor(MetaClassImpl.java:1255)
	at groovy.lang.MetaClassImpl.invokeConstructor(MetaClassImpl.java:1185)
	at groovy.lang.ExpandoMetaClass.invokeConstructor(ExpandoMetaClass.java:524)
	at org.codehaus.groovy.runtime.InvokerHelper.invokeConstructorOf(InvokerHelper.java:809)
	at org.codehaus.groovy.runtime.ScriptBytecodeAdapter.invokeNewN(ScriptBytecodeAdapter.java:230)
	at org.codehaus.groovy.grails.plugins.web.ControllersGrailsPlugin$_registerMethodMissing_closure7.doCall(ControllersGrailsPlugin.groovy:550)
	at sun.reflect.NativeMethodAccessorImpl.invoke0(Native Method)
	at sun.reflect.NativeMethodAccessorImpl.invoke(NativeMethodAccessorImpl.java:39)
	at sun.reflect.DelegatingMethodAccessorImpl.invoke(DelegatingMethodAccessorImpl.java:25)
	at java.lang.reflect.Method.invoke(Method.java:597)
	at org.codehaus.groovy.reflection.CachedMethod.invoke(CachedMethod.java:86)
	at groovy.lang.MetaMethod.doMethodInvoke(MetaMethod.java:230)
	at groovy.lang.MetaClassImpl.invokeMethod(MetaClassImpl.java:912)
	at groovy.lang.ExpandoMetaClass.invokeMethod(ExpandoMetaClass.java:946)
	at groovy.lang.MetaClassImpl.invokeMethod(MetaClassImpl.java:756)
	at groovy.lang.Closure.call(Closure.java:292)
	at org.codehaus.groovy.runtime.metaclass.ClosureMetaMethod.invoke(ClosureMetaMethod.java:72)
	at groovy.lang.MetaClassImpl.invokeMissingMethod(MetaClassImpl.java:707)
	at groovy.lang.MetaClassImpl.invokeMissingMethod(MetaClassImpl.java:679)
	at groovy.lang.ExpandoMetaClass.invokeMissingMethod(ExpandoMetaClass.java:176)
	at groovy.lang.MetaClassImpl.invokeMethod(MetaClassImpl.java:930)
	at groovy.lang.ExpandoMetaClass.invokeMethod(ExpandoMetaClass.java:946)
	at org.codehaus.groovy.runtime.ScriptBytecodeAdapter.invokeMethodOnCurrentN(ScriptBytecodeAdapter.java:78)
	at ExercisesController.checkUser(ExercisesController:16)
	at sun.reflect.NativeMethodAccessorImpl.invoke0(Native Method)
	at sun.reflect.NativeMethodAccessorImpl.invoke(NativeMethodAccessorImpl.java:39)
	at sun.reflect.DelegatingMethodAccessorImpl.invoke(DelegatingMethodAccessorImpl.java:25)
	at java.lang.reflect.Method.invoke(Method.java:597)
	at org.codehaus.groovy.reflection.CachedMethod.invoke(CachedMethod.java:86)
	at groovy.lang.MetaMethod.doMethodInvoke(MetaMethod.java:230)
	at groovy.lang.MetaClassImpl.invokeMethod(MetaClassImpl.java:912)
	at groovy.lang.ExpandoMetaClass.invokeMethod(ExpandoMetaClass.java:946)
	at groovy.lang.MetaClassImpl.invokeMethod(MetaClassImpl.java:800)
	at groovy.lang.ExpandoMetaClass.invokeMethod(ExpandoMetaClass.java:946)
	at groovy.lang.MetaClassImpl.invokeMethod(MetaClassImpl.java:756)
	at groovy.lang.Closure.call(Closure.java:292)
	at groovy.lang.Closure.call(Closure.java:287)
	at org.codehaus.groovy.grails.web.servlet.mvc.SimpleGrailsControllerHelper.invokeBeforeInterceptor(SimpleGrailsControllerHelper.java:434)
	at org.codehaus.groovy.grails.web.servlet.mvc.SimpleGrailsControllerHelper.handleURI(SimpleGrailsControllerHelper.java:223)
	at org.codehaus.groovy.grails.web.servlet.mvc.SimpleGrailsControllerHelper.handleURI(SimpleGrailsControllerHelper.java:154)
	at org.codehaus.groovy.grails.web.servlet.mvc.SimpleGrailsController.handleRequest(SimpleGrailsController.java:88)
	at org.springframework.web.servlet.mvc.SimpleControllerHandlerAdapter.handle(SimpleControllerHandlerAdapter.java:48)
	at org.codehaus.groovy.grails.web.servlet.GrailsDispatcherServlet.doDispatch(GrailsDispatcherServlet.java:261)
	at org.springframework.web.servlet.DispatcherServlet.doService(DispatcherServlet.java:807)
	at org.springframework.web.servlet.FrameworkServlet.processRequest(FrameworkServlet.java:571)
	at org.springframework.web.servlet.FrameworkServlet.doGet(FrameworkServlet.java:501)
	at javax.servlet.http.HttpServlet.service(HttpServlet.java:707)
	at javax.servlet.http.HttpServlet.service(HttpServlet.java:820)
	at org.mortbay.jetty.servlet.ServletHolder.handle(ServletHolder.java:502)
	at org.mortbay.jetty.servlet.ServletHandler.handle(ServletHandler.java:363)
	at org.mortbay.jetty.security.SecurityHandler.handle(SecurityHandler.java:216)
	at org.mortbay.jetty.servlet.SessionHandler.handle(SessionHandler.java:181)
	at org.mortbay.jetty.handler.ContextHandler.handle(ContextHandler.java:766)
	at org.mortbay.jetty.webapp.WebAppContext.handle(WebAppContext.java:417)
	at org.mortbay.jetty.servlet.Dispatcher.forward(Dispatcher.java:334)
	at org.mortbay.jetty.servlet.Dispatcher.forward(Dispatcher.java:126)
	at org.codehaus.groovy.grails.web.util.WebUtils.forwardRequestForUrlMappingInfo(WebUtils.java:207)
	at org.codehaus.groovy.grails.web.util.WebUtils.forwardRequestForUrlMappingInfo(WebUtils.java:196)
	at org.codehaus.groovy.grails.web.mapping.filter.UrlMappingsFilter.doFilterInternal(UrlMappingsFilter.java:129)
	at org.springframework.web.filter.OncePerRequestFilter.doFilter(OncePerRequestFilter.java:76)
	at org.mortbay.jetty.servlet.ServletHandler$CachedChain.doFilter(ServletHandler.java:1115)
	at org.codehaus.groovy.grails.web.sitemesh.GrailsPageFilter.parsePage(GrailsPageFilter.java:122)
	at org.codehaus.groovy.grails.web.sitemesh.GrailsPageFilter.doFilter(GrailsPageFilter.java:85)
	at org.mortbay.jetty.servlet.ServletHandler$CachedChain.doFilter(ServletHandler.java:1115)
	at org.codehaus.groovy.grails.web.servlet.filter.GrailsReloadServletFilter.doFilterInternal(GrailsReloadServletFilter.java:101)
	at org.springframework.web.filter.OncePerRequestFilter.doFilter(OncePerRequestFilter.java:76)
	at org.mortbay.jetty.servlet.ServletHandler$CachedChain.doFilter(ServletHandler.java:1115)
	at org.codehaus.groovy.grails.web.servlet.mvc.GrailsWebRequestFilter.doFilterInternal(GrailsWebRequestFilter.java:65)
	at org.springframework.web.filter.OncePerRequestFilter.doFilter(OncePerRequestFilter.java:76)
	at org.mortbay.jetty.servlet.ServletHandler$CachedChain.doFilter(ServletHandler.java:1115)
	at org.springframework.web.filter.CharacterEncodingFilter.doFilterInternal(CharacterEncodingFilter.java:96)
	at org.springframework.web.filter.OncePerRequestFilter.doFilter(OncePerRequestFilter.java:76)
	at org.springframework.web.filter.DelegatingFilterProxy.invokeDelegate(DelegatingFilterProxy.java:236)
	at org.springframework.web.filter.DelegatingFilterProxy.doFilter(DelegatingFilterProxy.java:167)
	at org.mortbay.jetty.servlet.ServletHandler$CachedChain.doFilter(ServletHandler.java:1115)
	at org.mortbay.jetty.servlet.ServletHandler.handle(ServletHandler.java:361)
	at org.mortbay.jetty.security.SecurityHandler.handle(SecurityHandler.java:216)
	at org.mortbay.jetty.servlet.SessionHandler.handle(SessionHandler.java:181)
	at org.mortbay.jetty.handler.ContextHandler.handle(ContextHandler.java:766)
	at org.mortbay.jetty.webapp.WebAppContext.handle(WebAppContext.java:417)
	at org.mortbay.jetty.handler.HandlerWrapper.handle(HandlerWrapper.java:152)
	at org.mortbay.jetty.Server.handle(Server.java:324)
	at org.mortbay.jetty.HttpConnection.handleRequest(HttpConnection.java:534)
	at org.mortbay.jetty.HttpConnection$RequestHandler.headerComplete(HttpConnection.java:864)
	at org.mortbay.jetty.HttpParser.parseNext(HttpParser.java:533)
	at org.mortbay.jetty.HttpParser.parseAvailable(HttpParser.java:207)
	at org.mortbay.jetty.HttpConnection.handle(HttpConnection.java:403)
	at org.mortbay.io.nio.SelectChannelEndPoint.run(SelectChannelEndPoint.java:409)
	at org.mortbay.thread.QueuedThreadPool$PoolThread.run(QueuedThreadPool.java:522)
[130908] StackTrace Sanitizing stacktrace:
groovy.lang.MissingMethodException: No signature of method: ExercisesController.redirect() is applicable for argument types: (java.lang.String) values: {"/"}
	at ExercisesController.checkUser(ExercisesController:16)
[174200] StackTrace Sanitizing stacktrace:
groovy.lang.MissingPropertyException: No such property: list for class: UserAdminController
	at org.codehaus.groovy.runtime.ScriptBytecodeAdapter.unwrap(ScriptBytecodeAdapter.java:50)
	at org.codehaus.groovy.runtime.ScriptBytecodeAdapter.unwrap(ScriptBytecodeAdapter.java:60)
	at org.codehaus.groovy.runtime.ScriptBytecodeAdapter.invokeMethodN(ScriptBytecodeAdapter.java:172)
	at UserAdminController.getProperty(UserAdminController.groovy)
	at org.codehaus.groovy.runtime.InvokerHelper.getProperty(InvokerHelper.java:173)
	at groovy.lang.Closure.getPropertyTryThese(Closure.java:200)
	at groovy.lang.Closure.getPropertyOwnerFirst(Closure.java:216)
	at groovy.lang.Closure.getProperty(Closure.java:186)
	at org.codehaus.groovy.runtime.ScriptBytecodeAdapter.getGroovyObjectProperty(ScriptBytecodeAdapter.java:535)
	at UserAdminController$_closure1.doCall(UserAdminController.groovy)
	at sun.reflect.NativeMethodAccessorImpl.invoke0(Native Method)
	at sun.reflect.NativeMethodAccessorImpl.invoke(NativeMethodAccessorImpl.java:39)
	at sun.reflect.DelegatingMethodAccessorImpl.invoke(DelegatingMethodAccessorImpl.java:25)
	at java.lang.reflect.Method.invoke(Method.java:597)
	at org.codehaus.groovy.reflection.CachedMethod.invoke(CachedMethod.java:86)
	at groovy.lang.MetaMethod.doMethodInvoke(MetaMethod.java:230)
	at groovy.lang.MetaClassImpl.invokeMethod(MetaClassImpl.java:912)
	at groovy.lang.ExpandoMetaClass.invokeMethod(ExpandoMetaClass.java:946)
	at org.codehaus.groovy.runtime.ScriptBytecodeAdapter.invokeMethodOnCurrentN(ScriptBytecodeAdapter.java:78)
	at UserAdminController$_closure1.doCall(UserAdminController.groovy)
	at sun.reflect.NativeMethodAccessorImpl.invoke0(Native Method)
	at sun.reflect.NativeMethodAccessorImpl.invoke(NativeMethodAccessorImpl.java:39)
	at sun.reflect.DelegatingMethodAccessorImpl.invoke(DelegatingMethodAccessorImpl.java:25)
	at java.lang.reflect.Method.invoke(Method.java:597)
	at org.codehaus.groovy.reflection.CachedMethod.invoke(CachedMethod.java:86)
	at groovy.lang.MetaMethod.doMethodInvoke(MetaMethod.java:230)
	at groovy.lang.MetaClassImpl.invokeMethod(MetaClassImpl.java:912)
	at groovy.lang.ExpandoMetaClass.invokeMethod(ExpandoMetaClass.java:946)
	at groovy.lang.MetaClassImpl.invokeMethod(MetaClassImpl.java:756)
	at groovy.lang.Closure.call(Closure.java:292)
	at groovy.lang.Closure.call(Closure.java:287)
	at org.codehaus.groovy.grails.web.servlet.mvc.SimpleGrailsControllerHelper.handleAction(SimpleGrailsControllerHelper.java:507)
	at org.codehaus.groovy.grails.web.servlet.mvc.SimpleGrailsControllerHelper.executeAction(SimpleGrailsControllerHelper.java:398)
	at org.codehaus.groovy.grails.web.servlet.mvc.SimpleGrailsControllerHelper.handleURI(SimpleGrailsControllerHelper.java:233)
	at org.codehaus.groovy.grails.web.servlet.mvc.SimpleGrailsControllerHelper.handleURI(SimpleGrailsControllerHelper.java:154)
	at org.codehaus.groovy.grails.web.servlet.mvc.SimpleGrailsController.handleRequest(SimpleGrailsController.java:88)
	at org.springframework.web.servlet.mvc.SimpleControllerHandlerAdapter.handle(SimpleControllerHandlerAdapter.java:48)
	at org.codehaus.groovy.grails.web.servlet.GrailsDispatcherServlet.doDispatch(GrailsDispatcherServlet.java:261)
	at org.springframework.web.servlet.DispatcherServlet.doService(DispatcherServlet.java:807)
	at org.springframework.web.servlet.FrameworkServlet.processRequest(FrameworkServlet.java:571)
	at org.springframework.web.servlet.FrameworkServlet.doGet(FrameworkServlet.java:501)
	at javax.servlet.http.HttpServlet.service(HttpServlet.java:707)
	at javax.servlet.http.HttpServlet.service(HttpServlet.java:820)
	at org.mortbay.jetty.servlet.ServletHolder.handle(ServletHolder.java:502)
	at org.mortbay.jetty.servlet.ServletHandler.handle(ServletHandler.java:363)
	at org.mortbay.jetty.security.SecurityHandler.handle(SecurityHandler.java:216)
	at org.mortbay.jetty.servlet.SessionHandler.handle(SessionHandler.java:181)
	at org.mortbay.jetty.handler.ContextHandler.handle(ContextHandler.java:766)
	at org.mortbay.jetty.webapp.WebAppContext.handle(WebAppContext.java:417)
	at org.mortbay.jetty.servlet.Dispatcher.forward(Dispatcher.java:334)
	at org.mortbay.jetty.servlet.Dispatcher.forward(Dispatcher.java:126)
	at org.codehaus.groovy.grails.web.util.WebUtils.forwardRequestForUrlMappingInfo(WebUtils.java:207)
	at org.codehaus.groovy.grails.web.util.WebUtils.forwardRequestForUrlMappingInfo(WebUtils.java:196)
	at org.codehaus.groovy.grails.web.mapping.filter.UrlMappingsFilter.doFilterInternal(UrlMappingsFilter.java:129)
	at org.springframework.web.filter.OncePerRequestFilter.doFilter(OncePerRequestFilter.java:76)
	at org.mortbay.jetty.servlet.ServletHandler$CachedChain.doFilter(ServletHandler.java:1115)
	at org.codehaus.groovy.grails.web.sitemesh.GrailsPageFilter.parsePage(GrailsPageFilter.java:122)
	at org.codehaus.groovy.grails.web.sitemesh.GrailsPageFilter.doFilter(GrailsPageFilter.java:85)
	at org.mortbay.jetty.servlet.ServletHandler$CachedChain.doFilter(ServletHandler.java:1115)
	at org.codehaus.groovy.grails.web.servlet.filter.GrailsReloadServletFilter.doFilterInternal(GrailsReloadServletFilter.java:101)
	at org.springframework.web.filter.OncePerRequestFilter.doFilter(OncePerRequestFilter.java:76)
	at org.mortbay.jetty.servlet.ServletHandler$CachedChain.doFilter(ServletHandler.java:1115)
	at org.codehaus.groovy.grails.web.servlet.mvc.GrailsWebRequestFilter.doFilterInternal(GrailsWebRequestFilter.java:65)
	at org.springframework.web.filter.OncePerRequestFilter.doFilter(OncePerRequestFilter.java:76)
	at org.mortbay.jetty.servlet.ServletHandler$CachedChain.doFilter(ServletHandler.java:1115)
	at org.springframework.web.filter.CharacterEncodingFilter.doFilterInternal(CharacterEncodingFilter.java:96)
	at org.springframework.web.filter.OncePerRequestFilter.doFilter(OncePerRequestFilter.java:76)
	at org.springframework.web.filter.DelegatingFilterProxy.invokeDelegate(DelegatingFilterProxy.java:236)
	at org.springframework.web.filter.DelegatingFilterProxy.doFilter(DelegatingFilterProxy.java:167)
	at org.mortbay.jetty.servlet.ServletHandler$CachedChain.doFilter(ServletHandler.java:1115)
	at org.mortbay.jetty.servlet.ServletHandler.handle(ServletHandler.java:361)
	at org.mortbay.jetty.security.SecurityHandler.handle(SecurityHandler.java:216)
	at org.mortbay.jetty.servlet.SessionHandler.handle(SessionHandler.java:181)
	at org.mortbay.jetty.handler.ContextHandler.handle(ContextHandler.java:766)
	at org.mortbay.jetty.webapp.WebAppContext.handle(WebAppContext.java:417)
	at org.mortbay.jetty.handler.HandlerWrapper.handle(HandlerWrapper.java:152)
	at org.mortbay.jetty.Server.handle(Server.java:324)
	at org.mortbay.jetty.HttpConnection.handleRequest(HttpConnection.java:534)
	at org.mortbay.jetty.HttpConnection$RequestHandler.headerComplete(HttpConnection.java:864)
	at org.mortbay.jetty.HttpParser.parseNext(HttpParser.java:533)
	at org.mortbay.jetty.HttpParser.parseAvailable(HttpParser.java:207)
	at org.mortbay.jetty.HttpConnection.handle(HttpConnection.java:403)
	at org.mortbay.io.nio.SelectChannelEndPoint.run(SelectChannelEndPoint.java:409)
	at org.mortbay.thread.QueuedThreadPool$PoolThread.run(QueuedThreadPool.java:522)
[174202] StackTrace Sanitizing stacktrace:
groovy.lang.MissingPropertyException: No such property: list for class: UserAdminController
	at UserAdminController.getProperty(UserAdminController.groovy)
	at UserAdminController$_closure1.doCall(UserAdminController.groovy)
	at UserAdminController$_closure1.doCall(UserAdminController.groovy)
[845056] StackTrace Sanitizing stacktrace:
groovy.lang.MissingPropertyException: No such property: roleToString for class: User
	at org.codehaus.groovy.runtime.ScriptBytecodeAdapter.unwrap(ScriptBytecodeAdapter.java:50)
	at org.codehaus.groovy.runtime.ScriptBytecodeAdapter.unwrap(ScriptBytecodeAdapter.java:60)
	at org.codehaus.groovy.runtime.ScriptBytecodeAdapter.invokeMethodN(ScriptBytecodeAdapter.java:172)
	at User.getProperty(User.groovy)
	at org.codehaus.groovy.runtime.InvokerHelper.getProperty(InvokerHelper.java:173)
	at org.codehaus.groovy.runtime.ScriptBytecodeAdapter.getProperty(ScriptBytecodeAdapter.java:477)
	at org.codehaus.groovy.runtime.ScriptBytecodeAdapter.getPropertySafe(ScriptBytecodeAdapter.java:485)
	at org.codehaus.groovy.grails.plugins.web.taglib.ValidationTagLib$_closure1_closure10.doCall(ValidationTagLib.groovy:49)
	at sun.reflect.NativeMethodAccessorImpl.invoke0(Native Method)
	at sun.reflect.NativeMethodAccessorImpl.invoke(NativeMethodAccessorImpl.java:39)
	at sun.reflect.DelegatingMethodAccessorImpl.invoke(DelegatingMethodAccessorImpl.java:25)
	at java.lang.reflect.Method.invoke(Method.java:597)
	at org.codehaus.groovy.reflection.CachedMethod.invoke(CachedMethod.java:86)
	at groovy.lang.MetaMethod.doMethodInvoke(MetaMethod.java:230)
	at groovy.lang.MetaClassImpl.invokeMethod(MetaClassImpl.java:912)
	at groovy.lang.ExpandoMetaClass.invokeMethod(ExpandoMetaClass.java:946)
	at groovy.lang.MetaClassImpl.invokeMethod(MetaClassImpl.java:756)
	at groovy.lang.Closure.call(Closure.java:292)
	at groovy.lang.Closure.call(Closure.java:305)
	at org.codehaus.groovy.runtime.DefaultGroovyMethods.each(DefaultGroovyMethods.java:1079)
	at org.codehaus.groovy.runtime.DefaultGroovyMethods.each(DefaultGroovyMethods.java:1056)
	at sun.reflect.GeneratedMethodAccessor60.invoke(Unknown Source)
	at sun.reflect.DelegatingMethodAccessorImpl.invoke(DelegatingMethodAccessorImpl.java:25)
	at java.lang.reflect.Method.invoke(Method.java:597)
	at org.codehaus.groovy.runtime.metaclass.ReflectionMetaMethod.invoke(ReflectionMetaMethod.java:51)
	at org.codehaus.groovy.runtime.metaclass.NewInstanceMetaMethod.invoke(NewInstanceMetaMethod.java:54)
	at groovy.lang.MetaMethod.doMethodInvoke(MetaMethod.java:230)
	at groovy.lang.MetaClassImpl.invokeMethod(MetaClassImpl.java:912)
	at groovy.lang.ExpandoMetaClass.invokeMethod(ExpandoMetaClass.java:946)
	at groovy.lang.MetaClassImpl.invokeMethod(MetaClassImpl.java:756)
	at org.codehaus.groovy.runtime.InvokerHelper.invokePojoMethod(InvokerHelper.java:766)
	at org.codehaus.groovy.runtime.InvokerHelper.invokeMethod(InvokerHelper.java:754)
	at org.codehaus.groovy.runtime.ScriptBytecodeAdapter.invokeMethodN(ScriptBytecodeAdapter.java:170)
	at org.codehaus.groovy.grails.plugins.web.taglib.ValidationTagLib$_closure1.doCall(ValidationTagLib.groovy:48)
	at sun.reflect.NativeMethodAccessorImpl.invoke0(Native Method)
	at sun.reflect.NativeMethodAccessorImpl.invoke(NativeMethodAccessorImpl.java:39)
	at sun.reflect.DelegatingMethodAccessorImpl.invoke(DelegatingMethodAccessorImpl.java:25)
	at java.lang.reflect.Method.invoke(Method.java:597)
	at org.codehaus.groovy.reflection.CachedMethod.invoke(CachedMethod.java:86)
	at groovy.lang.MetaMethod.doMethodInvoke(MetaMethod.java:230)
	at groovy.lang.MetaClassImpl.invokeMethod(MetaClassImpl.java:912)
	at groovy.lang.ExpandoMetaClass.invokeMethod(ExpandoMetaClass.java:946)
	at groovy.lang.MetaClassImpl.invokeMethod(MetaClassImpl.java:756)
	at groovy.lang.Closure.call(Closure.java:292)
	at org.codehaus.groovy.grails.web.pages.GroovyPage.captureTagOutput(GroovyPage.java:392)
	at org.codehaus.groovy.grails.web.pages.GroovyPage.invokeMethod(GroovyPage.java:347)
	at groovy.lang.MetaClassImpl.invokeMethodOnGroovyObject(MetaClassImpl.java:947)
	at groovy.lang.MetaClassImpl.invokeMethod(MetaClassImpl.java:894)
	at groovy.lang.ExpandoMetaClass.invokeMethod(ExpandoMetaClass.java:946)
	at org.codehaus.groovy.runtime.ScriptBytecodeAdapter.invokeMethodOnCurrentN(ScriptBytecodeAdapter.java:78)
	at home_tomek_grails_apps_donosiciel_grails_app_views_userAdmin_list_gsp$_run_closure5.doCall(home_tomek_grails_apps_donosiciel_grails_app_views_userAdmin_list_gsp:48)
	at sun.reflect.NativeMethodAccessorImpl.invoke0(Native Method)
	at sun.reflect.NativeMethodAccessorImpl.invoke(NativeMethodAccessorImpl.java:39)
	at sun.reflect.DelegatingMethodAccessorImpl.invoke(DelegatingMethodAccessorImpl.java:25)
	at java.lang.reflect.Method.invoke(Method.java:597)
	at org.codehaus.groovy.reflection.CachedMethod.invoke(CachedMethod.java:86)
	at groovy.lang.MetaMethod.doMethodInvoke(MetaMethod.java:230)
	at groovy.lang.MetaClassImpl.invokeMethod(MetaClassImpl.java:912)
	at groovy.lang.ExpandoMetaClass.invokeMethod(ExpandoMetaClass.java:946)
	at groovy.lang.MetaClassImpl.invokeMethod(MetaClassImpl.java:756)
	at groovy.lang.Closure.call(Closure.java:292)
	at org.codehaus.groovy.runtime.DefaultGroovyMethods.eachWithIndex(DefaultGroovyMethods.java:1072)
	at sun.reflect.NativeMethodAccessorImpl.invoke0(Native Method)
	at sun.reflect.NativeMethodAccessorImpl.invoke(NativeMethodAccessorImpl.java:39)
	at sun.reflect.DelegatingMethodAccessorImpl.invoke(DelegatingMethodAccessorImpl.java:25)
	at java.lang.reflect.Method.invoke(Method.java:597)
	at org.codehaus.groovy.runtime.metaclass.ReflectionMetaMethod.invoke(ReflectionMetaMethod.java:51)
	at org.codehaus.groovy.runtime.metaclass.NewInstanceMetaMethod.invoke(NewInstanceMetaMethod.java:54)
	at groovy.lang.MetaMethod.doMethodInvoke(MetaMethod.java:230)
	at groovy.lang.MetaClassImpl.invokeMethod(MetaClassImpl.java:912)
	at groovy.lang.ExpandoMetaClass.invokeMethod(ExpandoMetaClass.java:946)
	at groovy.lang.MetaClassImpl.invokeMethod(MetaClassImpl.java:756)
	at org.codehaus.groovy.runtime.InvokerHelper.invokePojoMethod(InvokerHelper.java:766)
	at org.codehaus.groovy.runtime.InvokerHelper.invokeMethod(InvokerHelper.java:754)
	at org.codehaus.groovy.runtime.ScriptBytecodeAdapter.invokeMethodN(ScriptBytecodeAdapter.java:170)
	at home_tomek_grails_apps_donosiciel_grails_app_views_userAdmin_list_gsp.run(home_tomek_grails_apps_donosiciel_grails_app_views_userAdmin_list_gsp:32)
	at org.codehaus.groovy.grails.web.pages.GroovyPageWritable.writeTo(GroovyPageWritable.java:131)
	at org.codehaus.groovy.grails.web.servlet.view.GroovyPageView.renderWithTemplateEngine(GroovyPageView.java:109)
	at org.codehaus.groovy.grails.web.servlet.view.GroovyPageView.renderMergedOutputModel(GroovyPageView.java:88)
	at org.springframework.web.servlet.view.AbstractView.render(AbstractView.java:257)
	at org.springframework.web.servlet.DispatcherServlet.render(DispatcherServlet.java:1183)
	at org.codehaus.groovy.grails.web.servlet.GrailsDispatcherServlet.doDispatch(GrailsDispatcherServlet.java:291)
	at org.springframework.web.servlet.DispatcherServlet.doService(DispatcherServlet.java:807)
	at org.springframework.web.servlet.FrameworkServlet.processRequest(FrameworkServlet.java:571)
	at org.springframework.web.servlet.FrameworkServlet.doGet(FrameworkServlet.java:501)
	at javax.servlet.http.HttpServlet.service(HttpServlet.java:707)
	at javax.servlet.http.HttpServlet.service(HttpServlet.java:820)
	at org.mortbay.jetty.servlet.ServletHolder.handle(ServletHolder.java:502)
	at org.mortbay.jetty.servlet.ServletHandler.handle(ServletHandler.java:363)
	at org.mortbay.jetty.security.SecurityHandler.handle(SecurityHandler.java:216)
	at org.mortbay.jetty.servlet.SessionHandler.handle(SessionHandler.java:181)
	at org.mortbay.jetty.handler.ContextHandler.handle(ContextHandler.java:766)
	at org.mortbay.jetty.webapp.WebAppContext.handle(WebAppContext.java:417)
	at org.mortbay.jetty.servlet.Dispatcher.forward(Dispatcher.java:334)
	at org.mortbay.jetty.servlet.Dispatcher.forward(Dispatcher.java:126)
	at org.codehaus.groovy.grails.web.util.WebUtils.forwardRequestForUrlMappingInfo(WebUtils.java:207)
	at org.codehaus.groovy.grails.web.util.WebUtils.forwardRequestForUrlMappingInfo(WebUtils.java:196)
	at org.codehaus.groovy.grails.web.mapping.filter.UrlMappingsFilter.doFilterInternal(UrlMappingsFilter.java:129)
	at org.springframework.web.filter.OncePerRequestFilter.doFilter(OncePerRequestFilter.java:76)
	at org.mortbay.jetty.servlet.ServletHandler$CachedChain.doFilter(ServletHandler.java:1115)
	at org.codehaus.groovy.grails.web.sitemesh.GrailsPageFilter.parsePage(GrailsPageFilter.java:122)
	at org.codehaus.groovy.grails.web.sitemesh.GrailsPageFilter.doFilter(GrailsPageFilter.java:85)
	at org.mortbay.jetty.servlet.ServletHandler$CachedChain.doFilter(ServletHandler.java:1115)
	at org.codehaus.groovy.grails.web.servlet.filter.GrailsReloadServletFilter.doFilterInternal(GrailsReloadServletFilter.java:101)
	at org.springframework.web.filter.OncePerRequestFilter.doFilter(OncePerRequestFilter.java:76)
	at org.mortbay.jetty.servlet.ServletHandler$CachedChain.doFilter(ServletHandler.java:1115)
	at org.codehaus.groovy.grails.web.servlet.mvc.GrailsWebRequestFilter.doFilterInternal(GrailsWebRequestFilter.java:65)
	at org.springframework.web.filter.OncePerRequestFilter.doFilter(OncePerRequestFilter.java:76)
	at org.mortbay.jetty.servlet.ServletHandler$CachedChain.doFilter(ServletHandler.java:1115)
	at org.springframework.web.filter.CharacterEncodingFilter.doFilterInternal(CharacterEncodingFilter.java:96)
	at org.springframework.web.filter.OncePerRequestFilter.doFilter(OncePerRequestFilter.java:76)
	at org.springframework.web.filter.DelegatingFilterProxy.invokeDelegate(DelegatingFilterProxy.java:236)
	at org.springframework.web.filter.DelegatingFilterProxy.doFilter(DelegatingFilterProxy.java:167)
	at org.mortbay.jetty.servlet.ServletHandler$CachedChain.doFilter(ServletHandler.java:1115)
	at org.mortbay.jetty.servlet.ServletHandler.handle(ServletHandler.java:361)
	at org.mortbay.jetty.security.SecurityHandler.handle(SecurityHandler.java:216)
	at org.mortbay.jetty.servlet.SessionHandler.handle(SessionHandler.java:181)
	at org.mortbay.jetty.handler.ContextHandler.handle(ContextHandler.java:766)
	at org.mortbay.jetty.webapp.WebAppContext.handle(WebAppContext.java:417)
	at org.mortbay.jetty.handler.HandlerWrapper.handle(HandlerWrapper.java:152)
	at org.mortbay.jetty.Server.handle(Server.java:324)
	at org.mortbay.jetty.HttpConnection.handleRequest(HttpConnection.java:534)
	at org.mortbay.jetty.HttpConnection$RequestHandler.headerComplete(HttpConnection.java:864)
	at org.mortbay.jetty.HttpParser.parseNext(HttpParser.java:533)
	at org.mortbay.jetty.HttpParser.parseAvailable(HttpParser.java:207)
	at org.mortbay.jetty.HttpConnection.handle(HttpConnection.java:403)
	at org.mortbay.io.nio.SelectChannelEndPoint.run(SelectChannelEndPoint.java:409)
	at org.mortbay.thread.QueuedThreadPool$PoolThread.run(QueuedThreadPool.java:522)
[864549] StackTrace Sanitizing stacktrace:
groovy.lang.MissingPropertyException: No such property: roleToString for class: User
	at org.codehaus.groovy.runtime.ScriptBytecodeAdapter.unwrap(ScriptBytecodeAdapter.java:50)
	at org.codehaus.groovy.runtime.ScriptBytecodeAdapter.unwrap(ScriptBytecodeAdapter.java:60)
	at org.codehaus.groovy.runtime.ScriptBytecodeAdapter.invokeMethodN(ScriptBytecodeAdapter.java:172)
	at User.getProperty(User.groovy)
	at org.codehaus.groovy.runtime.InvokerHelper.getProperty(InvokerHelper.java:173)
	at org.codehaus.groovy.runtime.ScriptBytecodeAdapter.getProperty(ScriptBytecodeAdapter.java:477)
	at home_tomek_grails_apps_donosiciel_grails_app_views_userAdmin_list_gsp$_run_closure5.doCall(home_tomek_grails_apps_donosiciel_grails_app_views_userAdmin_list_gsp:48)
	at sun.reflect.NativeMethodAccessorImpl.invoke0(Native Method)
	at sun.reflect.NativeMethodAccessorImpl.invoke(NativeMethodAccessorImpl.java:39)
	at sun.reflect.DelegatingMethodAccessorImpl.invoke(DelegatingMethodAccessorImpl.java:25)
	at java.lang.reflect.Method.invoke(Method.java:597)
	at org.codehaus.groovy.reflection.CachedMethod.invoke(CachedMethod.java:86)
	at groovy.lang.MetaMethod.doMethodInvoke(MetaMethod.java:230)
	at groovy.lang.MetaClassImpl.invokeMethod(MetaClassImpl.java:912)
	at groovy.lang.ExpandoMetaClass.invokeMethod(ExpandoMetaClass.java:946)
	at groovy.lang.MetaClassImpl.invokeMethod(MetaClassImpl.java:756)
	at groovy.lang.Closure.call(Closure.java:292)
	at org.codehaus.groovy.runtime.DefaultGroovyMethods.eachWithIndex(DefaultGroovyMethods.java:1072)
	at sun.reflect.NativeMethodAccessorImpl.invoke0(Native Method)
	at sun.reflect.NativeMethodAccessorImpl.invoke(NativeMethodAccessorImpl.java:39)
	at sun.reflect.DelegatingMethodAccessorImpl.invoke(DelegatingMethodAccessorImpl.java:25)
	at java.lang.reflect.Method.invoke(Method.java:597)
	at org.codehaus.groovy.runtime.metaclass.ReflectionMetaMethod.invoke(ReflectionMetaMethod.java:51)
	at org.codehaus.groovy.runtime.metaclass.NewInstanceMetaMethod.invoke(NewInstanceMetaMethod.java:54)
	at groovy.lang.MetaMethod.doMethodInvoke(MetaMethod.java:230)
	at groovy.lang.MetaClassImpl.invokeMethod(MetaClassImpl.java:912)
	at groovy.lang.ExpandoMetaClass.invokeMethod(ExpandoMetaClass.java:946)
	at groovy.lang.MetaClassImpl.invokeMethod(MetaClassImpl.java:756)
	at org.codehaus.groovy.runtime.InvokerHelper.invokePojoMethod(InvokerHelper.java:766)
	at org.codehaus.groovy.runtime.InvokerHelper.invokeMethod(InvokerHelper.java:754)
	at org.codehaus.groovy.runtime.ScriptBytecodeAdapter.invokeMethodN(ScriptBytecodeAdapter.java:170)
	at home_tomek_grails_apps_donosiciel_grails_app_views_userAdmin_list_gsp.run(home_tomek_grails_apps_donosiciel_grails_app_views_userAdmin_list_gsp:32)
	at org.codehaus.groovy.grails.web.pages.GroovyPageWritable.writeTo(GroovyPageWritable.java:131)
	at org.codehaus.groovy.grails.web.servlet.view.GroovyPageView.renderWithTemplateEngine(GroovyPageView.java:109)
	at org.codehaus.groovy.grails.web.servlet.view.GroovyPageView.renderMergedOutputModel(GroovyPageView.java:88)
	at org.springframework.web.servlet.view.AbstractView.render(AbstractView.java:257)
	at org.springframework.web.servlet.DispatcherServlet.render(DispatcherServlet.java:1183)
	at org.codehaus.groovy.grails.web.servlet.GrailsDispatcherServlet.doDispatch(GrailsDispatcherServlet.java:291)
	at org.springframework.web.servlet.DispatcherServlet.doService(DispatcherServlet.java:807)
	at org.springframework.web.servlet.FrameworkServlet.processRequest(FrameworkServlet.java:571)
	at org.springframework.web.servlet.FrameworkServlet.doGet(FrameworkServlet.java:501)
	at javax.servlet.http.HttpServlet.service(HttpServlet.java:707)
	at javax.servlet.http.HttpServlet.service(HttpServlet.java:820)
	at org.mortbay.jetty.servlet.ServletHolder.handle(ServletHolder.java:502)
	at org.mortbay.jetty.servlet.ServletHandler.handle(ServletHandler.java:363)
	at org.mortbay.jetty.security.SecurityHandler.handle(SecurityHandler.java:216)
	at org.mortbay.jetty.servlet.SessionHandler.handle(SessionHandler.java:181)
	at org.mortbay.jetty.handler.ContextHandler.handle(ContextHandler.java:766)
	at org.mortbay.jetty.webapp.WebAppContext.handle(WebAppContext.java:417)
	at org.mortbay.jetty.servlet.Dispatcher.forward(Dispatcher.java:334)
	at org.mortbay.jetty.servlet.Dispatcher.forward(Dispatcher.java:126)
	at org.codehaus.groovy.grails.web.util.WebUtils.forwardRequestForUrlMappingInfo(WebUtils.java:207)
	at org.codehaus.groovy.grails.web.util.WebUtils.forwardRequestForUrlMappingInfo(WebUtils.java:196)
	at org.codehaus.groovy.grails.web.mapping.filter.UrlMappingsFilter.doFilterInternal(UrlMappingsFilter.java:129)
	at org.springframework.web.filter.OncePerRequestFilter.doFilter(OncePerRequestFilter.java:76)
	at org.mortbay.jetty.servlet.ServletHandler$CachedChain.doFilter(ServletHandler.java:1115)
	at org.codehaus.groovy.grails.web.sitemesh.GrailsPageFilter.parsePage(GrailsPageFilter.java:122)
	at org.codehaus.groovy.grails.web.sitemesh.GrailsPageFilter.doFilter(GrailsPageFilter.java:85)
	at org.mortbay.jetty.servlet.ServletHandler$CachedChain.doFilter(ServletHandler.java:1115)
	at org.codehaus.groovy.grails.web.servlet.filter.GrailsReloadServletFilter.doFilterInternal(GrailsReloadServletFilter.java:101)
	at org.springframework.web.filter.OncePerRequestFilter.doFilter(OncePerRequestFilter.java:76)
	at org.mortbay.jetty.servlet.ServletHandler$CachedChain.doFilter(ServletHandler.java:1115)
	at org.codehaus.groovy.grails.web.servlet.mvc.GrailsWebRequestFilter.doFilterInternal(GrailsWebRequestFilter.java:65)
	at org.springframework.web.filter.OncePerRequestFilter.doFilter(OncePerRequestFilter.java:76)
	at org.mortbay.jetty.servlet.ServletHandler$CachedChain.doFilter(ServletHandler.java:1115)
	at org.springframework.web.filter.CharacterEncodingFilter.doFilterInternal(CharacterEncodingFilter.java:96)
	at org.springframework.web.filter.OncePerRequestFilter.doFilter(OncePerRequestFilter.java:76)
	at org.springframework.web.filter.DelegatingFilterProxy.invokeDelegate(DelegatingFilterProxy.java:236)
	at org.springframework.web.filter.DelegatingFilterProxy.doFilter(DelegatingFilterProxy.java:167)
	at org.mortbay.jetty.servlet.ServletHandler$CachedChain.doFilter(ServletHandler.java:1115)
	at org.mortbay.jetty.servlet.ServletHandler.handle(ServletHandler.java:361)
	at org.mortbay.jetty.security.SecurityHandler.handle(SecurityHandler.java:216)
	at org.mortbay.jetty.servlet.SessionHandler.handle(SessionHandler.java:181)
	at org.mortbay.jetty.handler.ContextHandler.handle(ContextHandler.java:766)
	at org.mortbay.jetty.webapp.WebAppContext.handle(WebAppContext.java:417)
	at org.mortbay.jetty.handler.HandlerWrapper.handle(HandlerWrapper.java:152)
	at org.mortbay.jetty.Server.handle(Server.java:324)
	at org.mortbay.jetty.HttpConnection.handleRequest(HttpConnection.java:534)
	at org.mortbay.jetty.HttpConnection$RequestHandler.headerComplete(HttpConnection.java:864)
	at org.mortbay.jetty.HttpParser.parseNext(HttpParser.java:533)
	at org.mortbay.jetty.HttpParser.parseAvailable(HttpParser.java:207)
	at org.mortbay.jetty.HttpConnection.handle(HttpConnection.java:403)
	at org.mortbay.io.nio.SelectChannelEndPoint.run(SelectChannelEndPoint.java:409)
	at org.mortbay.thread.QueuedThreadPool$PoolThread.run(QueuedThreadPool.java:522)
[31204] StackTrace Sanitizing stacktrace:
java.lang.NullPointerException: Cannot invoke method roleToString() on null object
	at org.codehaus.groovy.runtime.NullObject.invokeMethod(NullObject.java:77)
	at org.codehaus.groovy.runtime.InvokerHelper.invokePogoMethod(InvokerHelper.java:784)
	at org.codehaus.groovy.runtime.InvokerHelper.invokeMethod(InvokerHelper.java:758)
	at org.codehaus.groovy.runtime.ScriptBytecodeAdapter.invokeMethodN(ScriptBytecodeAdapter.java:170)
	at org.codehaus.groovy.runtime.ScriptBytecodeAdapter.invokeMethod0(ScriptBytecodeAdapter.java:198)
	at home_tomek_grails_apps_donosiciel_grails_app_views_userAdmin_list_gsp$_run_closure5.doCall(home_tomek_grails_apps_donosiciel_grails_app_views_userAdmin_list_gsp:48)
	at sun.reflect.NativeMethodAccessorImpl.invoke0(Native Method)
	at sun.reflect.NativeMethodAccessorImpl.invoke(NativeMethodAccessorImpl.java:39)
	at sun.reflect.DelegatingMethodAccessorImpl.invoke(DelegatingMethodAccessorImpl.java:25)
	at java.lang.reflect.Method.invoke(Method.java:597)
	at org.codehaus.groovy.reflection.CachedMethod.invoke(CachedMethod.java:86)
	at groovy.lang.MetaMethod.doMethodInvoke(MetaMethod.java:230)
	at groovy.lang.MetaClassImpl.invokeMethod(MetaClassImpl.java:912)
	at groovy.lang.ExpandoMetaClass.invokeMethod(ExpandoMetaClass.java:946)
	at groovy.lang.MetaClassImpl.invokeMethod(MetaClassImpl.java:756)
	at groovy.lang.Closure.call(Closure.java:292)
	at org.codehaus.groovy.runtime.DefaultGroovyMethods.eachWithIndex(DefaultGroovyMethods.java:1072)
	at sun.reflect.NativeMethodAccessorImpl.invoke0(Native Method)
	at sun.reflect.NativeMethodAccessorImpl.invoke(NativeMethodAccessorImpl.java:39)
	at sun.reflect.DelegatingMethodAccessorImpl.invoke(DelegatingMethodAccessorImpl.java:25)
	at java.lang.reflect.Method.invoke(Method.java:597)
	at org.codehaus.groovy.runtime.metaclass.ReflectionMetaMethod.invoke(ReflectionMetaMethod.java:51)
	at org.codehaus.groovy.runtime.metaclass.NewInstanceMetaMethod.invoke(NewInstanceMetaMethod.java:54)
	at groovy.lang.MetaMethod.doMethodInvoke(MetaMethod.java:230)
	at groovy.lang.MetaClassImpl.invokeMethod(MetaClassImpl.java:912)
	at groovy.lang.ExpandoMetaClass.invokeMethod(ExpandoMetaClass.java:946)
	at groovy.lang.MetaClassImpl.invokeMethod(MetaClassImpl.java:756)
	at org.codehaus.groovy.runtime.InvokerHelper.invokePojoMethod(InvokerHelper.java:766)
	at org.codehaus.groovy.runtime.InvokerHelper.invokeMethod(InvokerHelper.java:754)
	at org.codehaus.groovy.runtime.ScriptBytecodeAdapter.invokeMethodN(ScriptBytecodeAdapter.java:170)
	at home_tomek_grails_apps_donosiciel_grails_app_views_userAdmin_list_gsp.run(home_tomek_grails_apps_donosiciel_grails_app_views_userAdmin_list_gsp:32)
	at org.codehaus.groovy.grails.web.pages.GroovyPageWritable.writeTo(GroovyPageWritable.java:131)
	at org.codehaus.groovy.grails.web.servlet.view.GroovyPageView.renderWithTemplateEngine(GroovyPageView.java:109)
	at org.codehaus.groovy.grails.web.servlet.view.GroovyPageView.renderMergedOutputModel(GroovyPageView.java:88)
	at org.springframework.web.servlet.view.AbstractView.render(AbstractView.java:257)
	at org.springframework.web.servlet.DispatcherServlet.render(DispatcherServlet.java:1183)
	at org.codehaus.groovy.grails.web.servlet.GrailsDispatcherServlet.doDispatch(GrailsDispatcherServlet.java:291)
	at org.springframework.web.servlet.DispatcherServlet.doService(DispatcherServlet.java:807)
	at org.springframework.web.servlet.FrameworkServlet.processRequest(FrameworkServlet.java:571)
	at org.springframework.web.servlet.FrameworkServlet.doGet(FrameworkServlet.java:501)
	at javax.servlet.http.HttpServlet.service(HttpServlet.java:707)
	at javax.servlet.http.HttpServlet.service(HttpServlet.java:820)
	at org.mortbay.jetty.servlet.ServletHolder.handle(ServletHolder.java:502)
	at org.mortbay.jetty.servlet.ServletHandler.handle(ServletHandler.java:363)
	at org.mortbay.jetty.security.SecurityHandler.handle(SecurityHandler.java:216)
	at org.mortbay.jetty.servlet.SessionHandler.handle(SessionHandler.java:181)
	at org.mortbay.jetty.handler.ContextHandler.handle(ContextHandler.java:766)
	at org.mortbay.jetty.webapp.WebAppContext.handle(WebAppContext.java:417)
	at org.mortbay.jetty.servlet.Dispatcher.forward(Dispatcher.java:334)
	at org.mortbay.jetty.servlet.Dispatcher.forward(Dispatcher.java:126)
	at org.codehaus.groovy.grails.web.util.WebUtils.forwardRequestForUrlMappingInfo(WebUtils.java:207)
	at org.codehaus.groovy.grails.web.util.WebUtils.forwardRequestForUrlMappingInfo(WebUtils.java:196)
	at org.codehaus.groovy.grails.web.mapping.filter.UrlMappingsFilter.doFilterInternal(UrlMappingsFilter.java:129)
	at org.springframework.web.filter.OncePerRequestFilter.doFilter(OncePerRequestFilter.java:76)
	at org.mortbay.jetty.servlet.ServletHandler$CachedChain.doFilter(ServletHandler.java:1115)
	at org.codehaus.groovy.grails.web.sitemesh.GrailsPageFilter.parsePage(GrailsPageFilter.java:122)
	at org.codehaus.groovy.grails.web.sitemesh.GrailsPageFilter.doFilter(GrailsPageFilter.java:85)
	at org.mortbay.jetty.servlet.ServletHandler$CachedChain.doFilter(ServletHandler.java:1115)
	at org.codehaus.groovy.grails.web.servlet.filter.GrailsReloadServletFilter.doFilterInternal(GrailsReloadServletFilter.java:101)
	at org.springframework.web.filter.OncePerRequestFilter.doFilter(OncePerRequestFilter.java:76)
	at org.mortbay.jetty.servlet.ServletHandler$CachedChain.doFilter(ServletHandler.java:1115)
	at org.codehaus.groovy.grails.web.servlet.mvc.GrailsWebRequestFilter.doFilterInternal(GrailsWebRequestFilter.java:65)
	at org.springframework.web.filter.OncePerRequestFilter.doFilter(OncePerRequestFilter.java:76)
	at org.mortbay.jetty.servlet.ServletHandler$CachedChain.doFilter(ServletHandler.java:1115)
	at org.springframework.web.filter.CharacterEncodingFilter.doFilterInternal(CharacterEncodingFilter.java:96)
	at org.springframework.web.filter.OncePerRequestFilter.doFilter(OncePerRequestFilter.java:76)
	at org.springframework.web.filter.DelegatingFilterProxy.invokeDelegate(DelegatingFilterProxy.java:236)
	at org.springframework.web.filter.DelegatingFilterProxy.doFilter(DelegatingFilterProxy.java:167)
	at org.mortbay.jetty.servlet.ServletHandler$CachedChain.doFilter(ServletHandler.java:1115)
	at org.mortbay.jetty.servlet.ServletHandler.handle(ServletHandler.java:361)
	at org.mortbay.jetty.security.SecurityHandler.handle(SecurityHandler.java:216)
	at org.mortbay.jetty.servlet.SessionHandler.handle(SessionHandler.java:181)
	at org.mortbay.jetty.handler.ContextHandler.handle(ContextHandler.java:766)
	at org.mortbay.jetty.webapp.WebAppContext.handle(WebAppContext.java:417)
	at org.mortbay.jetty.handler.HandlerWrapper.handle(HandlerWrapper.java:152)
	at org.mortbay.jetty.Server.handle(Server.java:324)
	at org.mortbay.jetty.HttpConnection.handleRequest(HttpConnection.java:534)
	at org.mortbay.jetty.HttpConnection$RequestHandler.headerComplete(HttpConnection.java:864)
	at org.mortbay.jetty.HttpParser.parseNext(HttpParser.java:533)
	at org.mortbay.jetty.HttpParser.parseAvailable(HttpParser.java:207)
	at org.mortbay.jetty.HttpConnection.handle(HttpConnection.java:403)
	at org.mortbay.io.nio.SelectChannelEndPoint.run(SelectChannelEndPoint.java:409)
	at org.mortbay.thread.QueuedThreadPool$PoolThread.run(QueuedThreadPool.java:522)
[1219522] StackTrace Sanitizing stacktrace:
org.hibernate.LazyInitializationException: could not initialize proxy - no Session
	at org.hibernate.proxy.AbstractLazyInitializer.initialize(AbstractLazyInitializer.java:57)
	at org.hibernate.proxy.AbstractLazyInitializer.getImplementation(AbstractLazyInitializer.java:111)
	at org.hibernate.proxy.pojo.cglib.CGLIBLazyInitializer.invoke(CGLIBLazyInitializer.java:150)
	at User$$EnhancerByCGLIB$$4b963b7f.toString(<generated>)
	at java.lang.String.valueOf(String.java:2827)
	at org.codehaus.groovy.grails.web.pages.GSPResponseWriter.print(GSPResponseWriter.java:176)
	at sun.reflect.NativeMethodAccessorImpl.invoke0(Native Method)
	at sun.reflect.NativeMethodAccessorImpl.invoke(NativeMethodAccessorImpl.java:39)
	at sun.reflect.DelegatingMethodAccessorImpl.invoke(DelegatingMethodAccessorImpl.java:25)
	at java.lang.reflect.Method.invoke(Method.java:597)
	at org.codehaus.groovy.reflection.CachedMethod.invoke(CachedMethod.java:86)
	at groovy.lang.MetaMethod.doMethodInvoke(MetaMethod.java:230)
	at groovy.lang.MetaClassImpl.invokeMethod(MetaClassImpl.java:912)
	at groovy.lang.ExpandoMetaClass.invokeMethod(ExpandoMetaClass.java:946)
	at groovy.lang.MetaClassImpl.invokeMethod(MetaClassImpl.java:756)
	at org.codehaus.groovy.runtime.InvokerHelper.invokePojoMethod(InvokerHelper.java:766)
	at org.codehaus.groovy.runtime.InvokerHelper.invokeMethod(InvokerHelper.java:754)
	at org.codehaus.groovy.runtime.ScriptBytecodeAdapter.invokeMethodN(ScriptBytecodeAdapter.java:170)
	at home_tomek_grails_apps_donosiciel_grails_app_views_participations_show_gsp.run(home_tomek_grails_apps_donosiciel_grails_app_views_participations_show_gsp:23)
	at org.codehaus.groovy.grails.web.pages.GroovyPageWritable.writeTo(GroovyPageWritable.java:131)
	at org.codehaus.groovy.grails.web.servlet.view.GroovyPageView.renderWithTemplateEngine(GroovyPageView.java:109)
	at org.codehaus.groovy.grails.web.servlet.view.GroovyPageView.renderMergedOutputModel(GroovyPageView.java:88)
	at org.springframework.web.servlet.view.AbstractView.render(AbstractView.java:257)
	at org.springframework.web.servlet.DispatcherServlet.render(DispatcherServlet.java:1183)
	at org.codehaus.groovy.grails.web.servlet.GrailsDispatcherServlet.doDispatch(GrailsDispatcherServlet.java:291)
	at org.springframework.web.servlet.DispatcherServlet.doService(DispatcherServlet.java:807)
	at org.springframework.web.servlet.FrameworkServlet.processRequest(FrameworkServlet.java:571)
	at org.springframework.web.servlet.FrameworkServlet.doGet(FrameworkServlet.java:501)
	at javax.servlet.http.HttpServlet.service(HttpServlet.java:707)
	at javax.servlet.http.HttpServlet.service(HttpServlet.java:820)
	at org.mortbay.jetty.servlet.ServletHolder.handle(ServletHolder.java:502)
	at org.mortbay.jetty.servlet.ServletHandler.handle(ServletHandler.java:363)
	at org.mortbay.jetty.security.SecurityHandler.handle(SecurityHandler.java:216)
	at org.mortbay.jetty.servlet.SessionHandler.handle(SessionHandler.java:181)
	at org.mortbay.jetty.handler.ContextHandler.handle(ContextHandler.java:766)
	at org.mortbay.jetty.webapp.WebAppContext.handle(WebAppContext.java:417)
	at org.mortbay.jetty.servlet.Dispatcher.forward(Dispatcher.java:334)
	at org.mortbay.jetty.servlet.Dispatcher.forward(Dispatcher.java:126)
	at org.codehaus.groovy.grails.web.util.WebUtils.forwardRequestForUrlMappingInfo(WebUtils.java:207)
	at org.codehaus.groovy.grails.web.util.WebUtils.forwardRequestForUrlMappingInfo(WebUtils.java:196)
	at org.codehaus.groovy.grails.web.mapping.filter.UrlMappingsFilter.doFilterInternal(UrlMappingsFilter.java:129)
	at org.springframework.web.filter.OncePerRequestFilter.doFilter(OncePerRequestFilter.java:76)
	at org.mortbay.jetty.servlet.ServletHandler$CachedChain.doFilter(ServletHandler.java:1115)
	at org.codehaus.groovy.grails.web.sitemesh.GrailsPageFilter.parsePage(GrailsPageFilter.java:122)
	at org.codehaus.groovy.grails.web.sitemesh.GrailsPageFilter.doFilter(GrailsPageFilter.java:85)
	at org.mortbay.jetty.servlet.ServletHandler$CachedChain.doFilter(ServletHandler.java:1115)
	at org.codehaus.groovy.grails.web.servlet.filter.GrailsReloadServletFilter.doFilterInternal(GrailsReloadServletFilter.java:101)
	at org.springframework.web.filter.OncePerRequestFilter.doFilter(OncePerRequestFilter.java:76)
	at org.mortbay.jetty.servlet.ServletHandler$CachedChain.doFilter(ServletHandler.java:1115)
	at org.codehaus.groovy.grails.web.servlet.mvc.GrailsWebRequestFilter.doFilterInternal(GrailsWebRequestFilter.java:65)
	at org.springframework.web.filter.OncePerRequestFilter.doFilter(OncePerRequestFilter.java:76)
	at org.mortbay.jetty.servlet.ServletHandler$CachedChain.doFilter(ServletHandler.java:1115)
	at org.springframework.web.filter.CharacterEncodingFilter.doFilterInternal(CharacterEncodingFilter.java:96)
	at org.springframework.web.filter.OncePerRequestFilter.doFilter(OncePerRequestFilter.java:76)
	at org.springframework.web.filter.DelegatingFilterProxy.invokeDelegate(DelegatingFilterProxy.java:236)
	at org.springframework.web.filter.DelegatingFilterProxy.doFilter(DelegatingFilterProxy.java:167)
	at org.mortbay.jetty.servlet.ServletHandler$CachedChain.doFilter(ServletHandler.java:1115)
	at org.mortbay.jetty.servlet.ServletHandler.handle(ServletHandler.java:361)
	at org.mortbay.jetty.security.SecurityHandler.handle(SecurityHandler.java:216)
	at org.mortbay.jetty.servlet.SessionHandler.handle(SessionHandler.java:181)
	at org.mortbay.jetty.handler.ContextHandler.handle(ContextHandler.java:766)
	at org.mortbay.jetty.webapp.WebAppContext.handle(WebAppContext.java:417)
	at org.mortbay.jetty.handler.HandlerWrapper.handle(HandlerWrapper.java:152)
	at org.mortbay.jetty.Server.handle(Server.java:324)
	at org.mortbay.jetty.HttpConnection.handleRequest(HttpConnection.java:534)
	at org.mortbay.jetty.HttpConnection$RequestHandler.headerComplete(HttpConnection.java:864)
	at org.mortbay.jetty.HttpParser.parseNext(HttpParser.java:533)
	at org.mortbay.jetty.HttpParser.parseAvailable(HttpParser.java:207)
	at org.mortbay.jetty.HttpConnection.handle(HttpConnection.java:403)
	at org.mortbay.io.nio.SelectChannelEndPoint.run(SelectChannelEndPoint.java:409)
	at org.mortbay.thread.QueuedThreadPool$PoolThread.run(QueuedThreadPool.java:522)
[1222872] StackTrace Sanitizing stacktrace:
org.hibernate.LazyInitializationException: could not initialize proxy - no Session
	at org.hibernate.proxy.AbstractLazyInitializer.initialize(AbstractLazyInitializer.java:57)
	at org.hibernate.proxy.AbstractLazyInitializer.getImplementation(AbstractLazyInitializer.java:111)
	at org.hibernate.proxy.pojo.cglib.CGLIBLazyInitializer.invoke(CGLIBLazyInitializer.java:150)
	at User$$EnhancerByCGLIB$$4b963b7f.toString(<generated>)
	at java.lang.String.valueOf(String.java:2827)
	at org.codehaus.groovy.grails.web.pages.GSPResponseWriter.print(GSPResponseWriter.java:176)
	at sun.reflect.NativeMethodAccessorImpl.invoke0(Native Method)
	at sun.reflect.NativeMethodAccessorImpl.invoke(NativeMethodAccessorImpl.java:39)
	at sun.reflect.DelegatingMethodAccessorImpl.invoke(DelegatingMethodAccessorImpl.java:25)
	at java.lang.reflect.Method.invoke(Method.java:597)
	at org.codehaus.groovy.reflection.CachedMethod.invoke(CachedMethod.java:86)
	at groovy.lang.MetaMethod.doMethodInvoke(MetaMethod.java:230)
	at groovy.lang.MetaClassImpl.invokeMethod(MetaClassImpl.java:912)
	at groovy.lang.ExpandoMetaClass.invokeMethod(ExpandoMetaClass.java:946)
	at groovy.lang.MetaClassImpl.invokeMethod(MetaClassImpl.java:756)
	at org.codehaus.groovy.runtime.InvokerHelper.invokePojoMethod(InvokerHelper.java:766)
	at org.codehaus.groovy.runtime.InvokerHelper.invokeMethod(InvokerHelper.java:754)
	at org.codehaus.groovy.runtime.ScriptBytecodeAdapter.invokeMethodN(ScriptBytecodeAdapter.java:170)
	at home_tomek_grails_apps_donosiciel_grails_app_views_participations_show_gsp.run(home_tomek_grails_apps_donosiciel_grails_app_views_participations_show_gsp:23)
	at org.codehaus.groovy.grails.web.pages.GroovyPageWritable.writeTo(GroovyPageWritable.java:131)
	at org.codehaus.groovy.grails.web.servlet.view.GroovyPageView.renderWithTemplateEngine(GroovyPageView.java:109)
	at org.codehaus.groovy.grails.web.servlet.view.GroovyPageView.renderMergedOutputModel(GroovyPageView.java:88)
	at org.springframework.web.servlet.view.AbstractView.render(AbstractView.java:257)
	at org.springframework.web.servlet.DispatcherServlet.render(DispatcherServlet.java:1183)
	at org.codehaus.groovy.grails.web.servlet.GrailsDispatcherServlet.doDispatch(GrailsDispatcherServlet.java:291)
	at org.springframework.web.servlet.DispatcherServlet.doService(DispatcherServlet.java:807)
	at org.springframework.web.servlet.FrameworkServlet.processRequest(FrameworkServlet.java:571)
	at org.springframework.web.servlet.FrameworkServlet.doGet(FrameworkServlet.java:501)
	at javax.servlet.http.HttpServlet.service(HttpServlet.java:707)
	at javax.servlet.http.HttpServlet.service(HttpServlet.java:820)
	at org.mortbay.jetty.servlet.ServletHolder.handle(ServletHolder.java:502)
	at org.mortbay.jetty.servlet.ServletHandler.handle(ServletHandler.java:363)
	at org.mortbay.jetty.security.SecurityHandler.handle(SecurityHandler.java:216)
	at org.mortbay.jetty.servlet.SessionHandler.handle(SessionHandler.java:181)
	at org.mortbay.jetty.handler.ContextHandler.handle(ContextHandler.java:766)
	at org.mortbay.jetty.webapp.WebAppContext.handle(WebAppContext.java:417)
	at org.mortbay.jetty.servlet.Dispatcher.forward(Dispatcher.java:334)
	at org.mortbay.jetty.servlet.Dispatcher.forward(Dispatcher.java:126)
	at org.codehaus.groovy.grails.web.util.WebUtils.forwardRequestForUrlMappingInfo(WebUtils.java:207)
	at org.codehaus.groovy.grails.web.util.WebUtils.forwardRequestForUrlMappingInfo(WebUtils.java:196)
	at org.codehaus.groovy.grails.web.mapping.filter.UrlMappingsFilter.doFilterInternal(UrlMappingsFilter.java:129)
	at org.springframework.web.filter.OncePerRequestFilter.doFilter(OncePerRequestFilter.java:76)
	at org.mortbay.jetty.servlet.ServletHandler$CachedChain.doFilter(ServletHandler.java:1115)
	at org.codehaus.groovy.grails.web.sitemesh.GrailsPageFilter.parsePage(GrailsPageFilter.java:122)
	at org.codehaus.groovy.grails.web.sitemesh.GrailsPageFilter.doFilter(GrailsPageFilter.java:85)
	at org.mortbay.jetty.servlet.ServletHandler$CachedChain.doFilter(ServletHandler.java:1115)
	at org.codehaus.groovy.grails.web.servlet.filter.GrailsReloadServletFilter.doFilterInternal(GrailsReloadServletFilter.java:101)
	at org.springframework.web.filter.OncePerRequestFilter.doFilter(OncePerRequestFilter.java:76)
	at org.mortbay.jetty.servlet.ServletHandler$CachedChain.doFilter(ServletHandler.java:1115)
	at org.codehaus.groovy.grails.web.servlet.mvc.GrailsWebRequestFilter.doFilterInternal(GrailsWebRequestFilter.java:65)
	at org.springframework.web.filter.OncePerRequestFilter.doFilter(OncePerRequestFilter.java:76)
	at org.mortbay.jetty.servlet.ServletHandler$CachedChain.doFilter(ServletHandler.java:1115)
	at org.springframework.web.filter.CharacterEncodingFilter.doFilterInternal(CharacterEncodingFilter.java:96)
	at org.springframework.web.filter.OncePerRequestFilter.doFilter(OncePerRequestFilter.java:76)
	at org.springframework.web.filter.DelegatingFilterProxy.invokeDelegate(DelegatingFilterProxy.java:236)
	at org.springframework.web.filter.DelegatingFilterProxy.doFilter(DelegatingFilterProxy.java:167)
	at org.mortbay.jetty.servlet.ServletHandler$CachedChain.doFilter(ServletHandler.java:1115)
	at org.mortbay.jetty.servlet.ServletHandler.handle(ServletHandler.java:361)
	at org.mortbay.jetty.security.SecurityHandler.handle(SecurityHandler.java:216)
	at org.mortbay.jetty.servlet.SessionHandler.handle(SessionHandler.java:181)
	at org.mortbay.jetty.handler.ContextHandler.handle(ContextHandler.java:766)
	at org.mortbay.jetty.webapp.WebAppContext.handle(WebAppContext.java:417)
	at org.mortbay.jetty.handler.HandlerWrapper.handle(HandlerWrapper.java:152)
	at org.mortbay.jetty.Server.handle(Server.java:324)
	at org.mortbay.jetty.HttpConnection.handleRequest(HttpConnection.java:534)
	at org.mortbay.jetty.HttpConnection$RequestHandler.headerComplete(HttpConnection.java:864)
	at org.mortbay.jetty.HttpParser.parseNext(HttpParser.java:533)
	at org.mortbay.jetty.HttpParser.parseAvailable(HttpParser.java:207)
	at org.mortbay.jetty.HttpConnection.handle(HttpConnection.java:403)
	at org.mortbay.io.nio.SelectChannelEndPoint.run(SelectChannelEndPoint.java:409)
	at org.mortbay.thread.QueuedThreadPool$PoolThread.run(QueuedThreadPool.java:522)
[1242046] StackTrace Sanitizing stacktrace:
org.hibernate.LazyInitializationException: could not initialize proxy - no Session
	at org.hibernate.proxy.AbstractLazyInitializer.initialize(AbstractLazyInitializer.java:57)
	at org.hibernate.proxy.AbstractLazyInitializer.getImplementation(AbstractLazyInitializer.java:111)
	at org.hibernate.proxy.pojo.cglib.CGLIBLazyInitializer.invoke(CGLIBLazyInitializer.java:150)
	at User$$EnhancerByCGLIB$$4b963b7f.toString(<generated>)
	at java.lang.String.valueOf(String.java:2827)
	at org.codehaus.groovy.grails.web.pages.GSPResponseWriter.print(GSPResponseWriter.java:176)
	at sun.reflect.NativeMethodAccessorImpl.invoke0(Native Method)
	at sun.reflect.NativeMethodAccessorImpl.invoke(NativeMethodAccessorImpl.java:39)
	at sun.reflect.DelegatingMethodAccessorImpl.invoke(DelegatingMethodAccessorImpl.java:25)
	at java.lang.reflect.Method.invoke(Method.java:597)
	at org.codehaus.groovy.reflection.CachedMethod.invoke(CachedMethod.java:86)
	at groovy.lang.MetaMethod.doMethodInvoke(MetaMethod.java:230)
	at groovy.lang.MetaClassImpl.invokeMethod(MetaClassImpl.java:912)
	at groovy.lang.ExpandoMetaClass.invokeMethod(ExpandoMetaClass.java:946)
	at groovy.lang.MetaClassImpl.invokeMethod(MetaClassImpl.java:756)
	at org.codehaus.groovy.runtime.InvokerHelper.invokePojoMethod(InvokerHelper.java:766)
	at org.codehaus.groovy.runtime.InvokerHelper.invokeMethod(InvokerHelper.java:754)
	at org.codehaus.groovy.runtime.ScriptBytecodeAdapter.invokeMethodN(ScriptBytecodeAdapter.java:170)
	at home_tomek_grails_apps_donosiciel_grails_app_views_participations_show_gsp.run(home_tomek_grails_apps_donosiciel_grails_app_views_participations_show_gsp:23)
	at org.codehaus.groovy.grails.web.pages.GroovyPageWritable.writeTo(GroovyPageWritable.java:131)
	at org.codehaus.groovy.grails.web.servlet.view.GroovyPageView.renderWithTemplateEngine(GroovyPageView.java:109)
	at org.codehaus.groovy.grails.web.servlet.view.GroovyPageView.renderMergedOutputModel(GroovyPageView.java:88)
	at org.springframework.web.servlet.view.AbstractView.render(AbstractView.java:257)
	at org.springframework.web.servlet.DispatcherServlet.render(DispatcherServlet.java:1183)
	at org.codehaus.groovy.grails.web.servlet.GrailsDispatcherServlet.doDispatch(GrailsDispatcherServlet.java:291)
	at org.springframework.web.servlet.DispatcherServlet.doService(DispatcherServlet.java:807)
	at org.springframework.web.servlet.FrameworkServlet.processRequest(FrameworkServlet.java:571)
	at org.springframework.web.servlet.FrameworkServlet.doGet(FrameworkServlet.java:501)
	at javax.servlet.http.HttpServlet.service(HttpServlet.java:707)
	at javax.servlet.http.HttpServlet.service(HttpServlet.java:820)
	at org.mortbay.jetty.servlet.ServletHolder.handle(ServletHolder.java:502)
	at org.mortbay.jetty.servlet.ServletHandler.handle(ServletHandler.java:363)
	at org.mortbay.jetty.security.SecurityHandler.handle(SecurityHandler.java:216)
	at org.mortbay.jetty.servlet.SessionHandler.handle(SessionHandler.java:181)
	at org.mortbay.jetty.handler.ContextHandler.handle(ContextHandler.java:766)
	at org.mortbay.jetty.webapp.WebAppContext.handle(WebAppContext.java:417)
	at org.mortbay.jetty.servlet.Dispatcher.forward(Dispatcher.java:334)
	at org.mortbay.jetty.servlet.Dispatcher.forward(Dispatcher.java:126)
	at org.codehaus.groovy.grails.web.util.WebUtils.forwardRequestForUrlMappingInfo(WebUtils.java:207)
	at org.codehaus.groovy.grails.web.util.WebUtils.forwardRequestForUrlMappingInfo(WebUtils.java:196)
	at org.codehaus.groovy.grails.web.mapping.filter.UrlMappingsFilter.doFilterInternal(UrlMappingsFilter.java:129)
	at org.springframework.web.filter.OncePerRequestFilter.doFilter(OncePerRequestFilter.java:76)
	at org.mortbay.jetty.servlet.ServletHandler$CachedChain.doFilter(ServletHandler.java:1115)
	at org.codehaus.groovy.grails.web.sitemesh.GrailsPageFilter.parsePage(GrailsPageFilter.java:122)
	at org.codehaus.groovy.grails.web.sitemesh.GrailsPageFilter.doFilter(GrailsPageFilter.java:85)
	at org.mortbay.jetty.servlet.ServletHandler$CachedChain.doFilter(ServletHandler.java:1115)
	at org.codehaus.groovy.grails.web.servlet.filter.GrailsReloadServletFilter.doFilterInternal(GrailsReloadServletFilter.java:101)
	at org.springframework.web.filter.OncePerRequestFilter.doFilter(OncePerRequestFilter.java:76)
	at org.mortbay.jetty.servlet.ServletHandler$CachedChain.doFilter(ServletHandler.java:1115)
	at org.codehaus.groovy.grails.web.servlet.mvc.GrailsWebRequestFilter.doFilterInternal(GrailsWebRequestFilter.java:65)
	at org.springframework.web.filter.OncePerRequestFilter.doFilter(OncePerRequestFilter.java:76)
	at org.mortbay.jetty.servlet.ServletHandler$CachedChain.doFilter(ServletHandler.java:1115)
	at org.springframework.web.filter.CharacterEncodingFilter.doFilterInternal(CharacterEncodingFilter.java:96)
	at org.springframework.web.filter.OncePerRequestFilter.doFilter(OncePerRequestFilter.java:76)
	at org.springframework.web.filter.DelegatingFilterProxy.invokeDelegate(DelegatingFilterProxy.java:236)
	at org.springframework.web.filter.DelegatingFilterProxy.doFilter(DelegatingFilterProxy.java:167)
	at org.mortbay.jetty.servlet.ServletHandler$CachedChain.doFilter(ServletHandler.java:1115)
	at org.mortbay.jetty.servlet.ServletHandler.handle(ServletHandler.java:361)
	at org.mortbay.jetty.security.SecurityHandler.handle(SecurityHandler.java:216)
	at org.mortbay.jetty.servlet.SessionHandler.handle(SessionHandler.java:181)
	at org.mortbay.jetty.handler.ContextHandler.handle(ContextHandler.java:766)
	at org.mortbay.jetty.webapp.WebAppContext.handle(WebAppContext.java:417)
	at org.mortbay.jetty.handler.HandlerWrapper.handle(HandlerWrapper.java:152)
	at org.mortbay.jetty.Server.handle(Server.java:324)
	at org.mortbay.jetty.HttpConnection.handleRequest(HttpConnection.java:534)
	at org.mortbay.jetty.HttpConnection$RequestHandler.headerComplete(HttpConnection.java:864)
	at org.mortbay.jetty.HttpParser.parseNext(HttpParser.java:533)
	at org.mortbay.jetty.HttpParser.parseAvailable(HttpParser.java:207)
	at org.mortbay.jetty.HttpConnection.handle(HttpConnection.java:403)
	at org.mortbay.io.nio.SelectChannelEndPoint.run(SelectChannelEndPoint.java:409)
	at org.mortbay.thread.QueuedThreadPool$PoolThread.run(QueuedThreadPool.java:522)
[1289981] StackTrace Sanitizing stacktrace:
org.hibernate.LazyInitializationException: could not initialize proxy - no Session
	at org.hibernate.proxy.AbstractLazyInitializer.initialize(AbstractLazyInitializer.java:57)
	at org.hibernate.proxy.AbstractLazyInitializer.getImplementation(AbstractLazyInitializer.java:111)
	at org.hibernate.proxy.pojo.cglib.CGLIBLazyInitializer.invoke(CGLIBLazyInitializer.java:150)
	at User$$EnhancerByCGLIB$$4b963b7f.getMetaClass(<generated>)
	at org.codehaus.groovy.runtime.InvokerHelper.invokePogoMethod(InvokerHelper.java:778)
	at org.codehaus.groovy.runtime.InvokerHelper.invokeMethod(InvokerHelper.java:758)
	at org.codehaus.groovy.runtime.ScriptBytecodeAdapter.invokeMethodN(ScriptBytecodeAdapter.java:170)
	at org.codehaus.groovy.runtime.ScriptBytecodeAdapter.invokeMethod0(ScriptBytecodeAdapter.java:198)
	at org.codehaus.groovy.grails.plugins.web.taglib.ValidationTagLib.formatValue(ValidationTagLib.groovy:332)
	at sun.reflect.GeneratedMethodAccessor497.invoke(Unknown Source)
	at sun.reflect.DelegatingMethodAccessorImpl.invoke(DelegatingMethodAccessorImpl.java:25)
	at java.lang.reflect.Method.invoke(Method.java:597)
	at org.codehaus.groovy.reflection.CachedMethod.invoke(CachedMethod.java:86)
	at sun.reflect.GeneratedMethodAccessor181.invoke(Unknown Source)
	at sun.reflect.DelegatingMethodAccessorImpl.invoke(DelegatingMethodAccessorImpl.java:25)
	at java.lang.reflect.Method.invoke(Method.java:597)
	at org.codehaus.groovy.reflection.CachedMethod.invoke(CachedMethod.java:86)
	at groovy.lang.MetaMethod.doMethodInvoke(MetaMethod.java:230)
	at groovy.lang.MetaClassImpl.invokeMethod(MetaClassImpl.java:912)
	at groovy.lang.ExpandoMetaClass.invokeMethod(ExpandoMetaClass.java:946)
	at groovy.lang.MetaClassImpl.invokeMethod(MetaClassImpl.java:756)
	at org.codehaus.groovy.runtime.InvokerHelper.invokePojoMethod(InvokerHelper.java:766)
	at org.codehaus.groovy.runtime.InvokerHelper.invokeMethod(InvokerHelper.java:754)
	at org.codehaus.groovy.runtime.ScriptBytecodeAdapter.invokeMethodN(ScriptBytecodeAdapter.java:170)
	at org.codehaus.groovy.grails.plugins.web.ControllersGrailsPlugin$_closure5_closure67.doCall(ControllersGrailsPlugin.groovy:370)
	at sun.reflect.GeneratedMethodAccessor174.invoke(Unknown Source)
	at sun.reflect.DelegatingMethodAccessorImpl.invoke(DelegatingMethodAccessorImpl.java:25)
	at java.lang.reflect.Method.invoke(Method.java:597)
	at org.codehaus.groovy.reflection.CachedMethod.invoke(CachedMethod.java:86)
	at groovy.lang.MetaMethod.doMethodInvoke(MetaMethod.java:230)
	at groovy.lang.MetaClassImpl.invokeMethod(MetaClassImpl.java:912)
	at groovy.lang.ExpandoMetaClass.invokeMethod(ExpandoMetaClass.java:946)
	at groovy.lang.MetaClassImpl.invokeMethod(MetaClassImpl.java:756)
	at groovy.lang.Closure.call(Closure.java:292)
	at org.codehaus.groovy.runtime.metaclass.ClosureMetaMethod.invoke(ClosureMetaMethod.java:72)
	at groovy.lang.ExpandoMetaClass.invokeMethod(ExpandoMetaClass.java:944)
	at groovy.lang.MetaClassImpl.invokeMethod(MetaClassImpl.java:756)
	at groovy.lang.MetaClassImpl.invokeMethod(MetaClassImpl.java:880)
	at groovy.lang.ExpandoMetaClass.invokeMethod(ExpandoMetaClass.java:946)
	at org.codehaus.groovy.runtime.ScriptBytecodeAdapter.invokeMethodOnCurrentN(ScriptBytecodeAdapter.java:78)
	at org.codehaus.groovy.grails.plugins.web.taglib.ValidationTagLib$_closure1.doCall(ValidationTagLib.groovy:53)
	at sun.reflect.GeneratedMethodAccessor493.invoke(Unknown Source)
	at sun.reflect.DelegatingMethodAccessorImpl.invoke(DelegatingMethodAccessorImpl.java:25)
	at java.lang.reflect.Method.invoke(Method.java:597)
	at org.codehaus.groovy.reflection.CachedMethod.invoke(CachedMethod.java:86)
	at groovy.lang.MetaMethod.doMethodInvoke(MetaMethod.java:230)
	at groovy.lang.MetaClassImpl.invokeMethod(MetaClassImpl.java:912)
	at groovy.lang.ExpandoMetaClass.invokeMethod(ExpandoMetaClass.java:946)
	at groovy.lang.MetaClassImpl.invokeMethod(MetaClassImpl.java:756)
	at groovy.lang.Closure.call(Closure.java:292)
	at org.codehaus.groovy.grails.web.pages.GroovyPage.captureTagOutput(GroovyPage.java:392)
	at org.codehaus.groovy.grails.web.pages.GroovyPage.invokeMethod(GroovyPage.java:347)
	at org.codehaus.groovy.runtime.ScriptBytecodeAdapter.invokeMethodOnCurrentN(ScriptBytecodeAdapter.java:85)
	at home_tomek_grails_apps_donosiciel_grails_app_views_participations_show_gsp.run(home_tomek_grails_apps_donosiciel_grails_app_views_participations_show_gsp:23)
	at org.codehaus.groovy.grails.web.pages.GroovyPageWritable.writeTo(GroovyPageWritable.java:131)
	at org.codehaus.groovy.grails.web.servlet.view.GroovyPageView.renderWithTemplateEngine(GroovyPageView.java:109)
	at org.codehaus.groovy.grails.web.servlet.view.GroovyPageView.renderMergedOutputModel(GroovyPageView.java:88)
	at org.springframework.web.servlet.view.AbstractView.render(AbstractView.java:257)
	at org.springframework.web.servlet.DispatcherServlet.render(DispatcherServlet.java:1183)
	at org.codehaus.groovy.grails.web.servlet.GrailsDispatcherServlet.doDispatch(GrailsDispatcherServlet.java:291)
	at org.springframework.web.servlet.DispatcherServlet.doService(DispatcherServlet.java:807)
	at org.springframework.web.servlet.FrameworkServlet.processRequest(FrameworkServlet.java:571)
	at org.springframework.web.servlet.FrameworkServlet.doGet(FrameworkServlet.java:501)
	at javax.servlet.http.HttpServlet.service(HttpServlet.java:707)
	at javax.servlet.http.HttpServlet.service(HttpServlet.java:820)
	at org.mortbay.jetty.servlet.ServletHolder.handle(ServletHolder.java:502)
	at org.mortbay.jetty.servlet.ServletHandler.handle(ServletHandler.java:363)
	at org.mortbay.jetty.security.SecurityHandler.handle(SecurityHandler.java:216)
	at org.mortbay.jetty.servlet.SessionHandler.handle(SessionHandler.java:181)
	at org.mortbay.jetty.handler.ContextHandler.handle(ContextHandler.java:766)
	at org.mortbay.jetty.webapp.WebAppContext.handle(WebAppContext.java:417)
	at org.mortbay.jetty.servlet.Dispatcher.forward(Dispatcher.java:334)
	at org.mortbay.jetty.servlet.Dispatcher.forward(Dispatcher.java:126)
	at org.codehaus.groovy.grails.web.util.WebUtils.forwardRequestForUrlMappingInfo(WebUtils.java:207)
	at org.codehaus.groovy.grails.web.util.WebUtils.forwardRequestForUrlMappingInfo(WebUtils.java:196)
	at org.codehaus.groovy.grails.web.mapping.filter.UrlMappingsFilter.doFilterInternal(UrlMappingsFilter.java:129)
	at org.springframework.web.filter.OncePerRequestFilter.doFilter(OncePerRequestFilter.java:76)
	at org.mortbay.jetty.servlet.ServletHandler$CachedChain.doFilter(ServletHandler.java:1115)
	at org.codehaus.groovy.grails.web.sitemesh.GrailsPageFilter.parsePage(GrailsPageFilter.java:122)
	at org.codehaus.groovy.grails.web.sitemesh.GrailsPageFilter.doFilter(GrailsPageFilter.java:85)
	at org.mortbay.jetty.servlet.ServletHandler$CachedChain.doFilter(ServletHandler.java:1115)
	at org.codehaus.groovy.grails.web.servlet.filter.GrailsReloadServletFilter.doFilterInternal(GrailsReloadServletFilter.java:101)
	at org.springframework.web.filter.OncePerRequestFilter.doFilter(OncePerRequestFilter.java:76)
	at org.mortbay.jetty.servlet.ServletHandler$CachedChain.doFilter(ServletHandler.java:1115)
	at org.codehaus.groovy.grails.web.servlet.mvc.GrailsWebRequestFilter.doFilterInternal(GrailsWebRequestFilter.java:65)
	at org.springframework.web.filter.OncePerRequestFilter.doFilter(OncePerRequestFilter.java:76)
	at org.mortbay.jetty.servlet.ServletHandler$CachedChain.doFilter(ServletHandler.java:1115)
	at org.springframework.web.filter.CharacterEncodingFilter.doFilterInternal(CharacterEncodingFilter.java:96)
	at org.springframework.web.filter.OncePerRequestFilter.doFilter(OncePerRequestFilter.java:76)
	at org.springframework.web.filter.DelegatingFilterProxy.invokeDelegate(DelegatingFilterProxy.java:236)
	at org.springframework.web.filter.DelegatingFilterProxy.doFilter(DelegatingFilterProxy.java:167)
	at org.mortbay.jetty.servlet.ServletHandler$CachedChain.doFilter(ServletHandler.java:1115)
	at org.mortbay.jetty.servlet.ServletHandler.handle(ServletHandler.java:361)
	at org.mortbay.jetty.security.SecurityHandler.handle(SecurityHandler.java:216)
	at org.mortbay.jetty.servlet.SessionHandler.handle(SessionHandler.java:181)
	at org.mortbay.jetty.handler.ContextHandler.handle(ContextHandler.java:766)
	at org.mortbay.jetty.webapp.WebAppContext.handle(WebAppContext.java:417)
	at org.mortbay.jetty.handler.HandlerWrapper.handle(HandlerWrapper.java:152)
	at org.mortbay.jetty.Server.handle(Server.java:324)
	at org.mortbay.jetty.HttpConnection.handleRequest(HttpConnection.java:534)
	at org.mortbay.jetty.HttpConnection$RequestHandler.headerComplete(HttpConnection.java:864)
	at org.mortbay.jetty.HttpParser.parseNext(HttpParser.java:533)
	at org.mortbay.jetty.HttpParser.parseAvailable(HttpParser.java:207)
	at org.mortbay.jetty.HttpConnection.handle(HttpConnection.java:403)
	at org.mortbay.io.nio.SelectChannelEndPoint.run(SelectChannelEndPoint.java:409)
	at org.mortbay.thread.QueuedThreadPool$PoolThread.run(QueuedThreadPool.java:522)
[1290734] StackTrace Sanitizing stacktrace:
org.hibernate.LazyInitializationException: could not initialize proxy - no Session
	at org.hibernate.proxy.AbstractLazyInitializer.initialize(AbstractLazyInitializer.java:57)
	at org.hibernate.proxy.AbstractLazyInitializer.getImplementation(AbstractLazyInitializer.java:111)
	at org.hibernate.proxy.pojo.cglib.CGLIBLazyInitializer.invoke(CGLIBLazyInitializer.java:150)
	at User$$EnhancerByCGLIB$$4b963b7f.getMetaClass(<generated>)
	at org.codehaus.groovy.runtime.InvokerHelper.invokePogoMethod(InvokerHelper.java:778)
	at org.codehaus.groovy.runtime.InvokerHelper.invokeMethod(InvokerHelper.java:758)
	at org.codehaus.groovy.runtime.ScriptBytecodeAdapter.invokeMethodN(ScriptBytecodeAdapter.java:170)
	at org.codehaus.groovy.runtime.ScriptBytecodeAdapter.invokeMethod0(ScriptBytecodeAdapter.java:198)
	at org.codehaus.groovy.grails.plugins.web.taglib.ValidationTagLib.formatValue(ValidationTagLib.groovy:332)
	at sun.reflect.GeneratedMethodAccessor497.invoke(Unknown Source)
	at sun.reflect.DelegatingMethodAccessorImpl.invoke(DelegatingMethodAccessorImpl.java:25)
	at java.lang.reflect.Method.invoke(Method.java:597)
	at org.codehaus.groovy.reflection.CachedMethod.invoke(CachedMethod.java:86)
	at sun.reflect.GeneratedMethodAccessor181.invoke(Unknown Source)
	at sun.reflect.DelegatingMethodAccessorImpl.invoke(DelegatingMethodAccessorImpl.java:25)
	at java.lang.reflect.Method.invoke(Method.java:597)
	at org.codehaus.groovy.reflection.CachedMethod.invoke(CachedMethod.java:86)
	at groovy.lang.MetaMethod.doMethodInvoke(MetaMethod.java:230)
	at groovy.lang.MetaClassImpl.invokeMethod(MetaClassImpl.java:912)
	at groovy.lang.ExpandoMetaClass.invokeMethod(ExpandoMetaClass.java:946)
	at groovy.lang.MetaClassImpl.invokeMethod(MetaClassImpl.java:756)
	at org.codehaus.groovy.runtime.InvokerHelper.invokePojoMethod(InvokerHelper.java:766)
	at org.codehaus.groovy.runtime.InvokerHelper.invokeMethod(InvokerHelper.java:754)
	at org.codehaus.groovy.runtime.ScriptBytecodeAdapter.invokeMethodN(ScriptBytecodeAdapter.java:170)
	at org.codehaus.groovy.grails.plugins.web.ControllersGrailsPlugin$_closure5_closure67.doCall(ControllersGrailsPlugin.groovy:370)
	at sun.reflect.GeneratedMethodAccessor174.invoke(Unknown Source)
	at sun.reflect.DelegatingMethodAccessorImpl.invoke(DelegatingMethodAccessorImpl.java:25)
	at java.lang.reflect.Method.invoke(Method.java:597)
	at org.codehaus.groovy.reflection.CachedMethod.invoke(CachedMethod.java:86)
	at groovy.lang.MetaMethod.doMethodInvoke(MetaMethod.java:230)
	at groovy.lang.MetaClassImpl.invokeMethod(MetaClassImpl.java:912)
	at groovy.lang.ExpandoMetaClass.invokeMethod(ExpandoMetaClass.java:946)
	at groovy.lang.MetaClassImpl.invokeMethod(MetaClassImpl.java:756)
	at groovy.lang.Closure.call(Closure.java:292)
	at org.codehaus.groovy.runtime.metaclass.ClosureMetaMethod.invoke(ClosureMetaMethod.java:72)
	at groovy.lang.ExpandoMetaClass.invokeMethod(ExpandoMetaClass.java:944)
	at groovy.lang.MetaClassImpl.invokeMethod(MetaClassImpl.java:756)
	at groovy.lang.MetaClassImpl.invokeMethod(MetaClassImpl.java:880)
	at groovy.lang.ExpandoMetaClass.invokeMethod(ExpandoMetaClass.java:946)
	at org.codehaus.groovy.runtime.ScriptBytecodeAdapter.invokeMethodOnCurrentN(ScriptBytecodeAdapter.java:78)
	at org.codehaus.groovy.grails.plugins.web.taglib.ValidationTagLib$_closure1.doCall(ValidationTagLib.groovy:53)
	at sun.reflect.GeneratedMethodAccessor493.invoke(Unknown Source)
	at sun.reflect.DelegatingMethodAccessorImpl.invoke(DelegatingMethodAccessorImpl.java:25)
	at java.lang.reflect.Method.invoke(Method.java:597)
	at org.codehaus.groovy.reflection.CachedMethod.invoke(CachedMethod.java:86)
	at groovy.lang.MetaMethod.doMethodInvoke(MetaMethod.java:230)
	at groovy.lang.MetaClassImpl.invokeMethod(MetaClassImpl.java:912)
	at groovy.lang.ExpandoMetaClass.invokeMethod(ExpandoMetaClass.java:946)
	at groovy.lang.MetaClassImpl.invokeMethod(MetaClassImpl.java:756)
	at groovy.lang.Closure.call(Closure.java:292)
	at org.codehaus.groovy.grails.web.pages.GroovyPage.captureTagOutput(GroovyPage.java:392)
	at org.codehaus.groovy.grails.web.pages.GroovyPage.invokeMethod(GroovyPage.java:347)
	at org.codehaus.groovy.runtime.ScriptBytecodeAdapter.invokeMethodOnCurrentN(ScriptBytecodeAdapter.java:85)
	at home_tomek_grails_apps_donosiciel_grails_app_views_participations_show_gsp.run(home_tomek_grails_apps_donosiciel_grails_app_views_participations_show_gsp:23)
	at org.codehaus.groovy.grails.web.pages.GroovyPageWritable.writeTo(GroovyPageWritable.java:131)
	at org.codehaus.groovy.grails.web.servlet.view.GroovyPageView.renderWithTemplateEngine(GroovyPageView.java:109)
	at org.codehaus.groovy.grails.web.servlet.view.GroovyPageView.renderMergedOutputModel(GroovyPageView.java:88)
	at org.springframework.web.servlet.view.AbstractView.render(AbstractView.java:257)
	at org.springframework.web.servlet.DispatcherServlet.render(DispatcherServlet.java:1183)
	at org.codehaus.groovy.grails.web.servlet.GrailsDispatcherServlet.doDispatch(GrailsDispatcherServlet.java:291)
	at org.springframework.web.servlet.DispatcherServlet.doService(DispatcherServlet.java:807)
	at org.springframework.web.servlet.FrameworkServlet.processRequest(FrameworkServlet.java:571)
	at org.springframework.web.servlet.FrameworkServlet.doGet(FrameworkServlet.java:501)
	at javax.servlet.http.HttpServlet.service(HttpServlet.java:707)
	at javax.servlet.http.HttpServlet.service(HttpServlet.java:820)
	at org.mortbay.jetty.servlet.ServletHolder.handle(ServletHolder.java:502)
	at org.mortbay.jetty.servlet.ServletHandler.handle(ServletHandler.java:363)
	at org.mortbay.jetty.security.SecurityHandler.handle(SecurityHandler.java:216)
	at org.mortbay.jetty.servlet.SessionHandler.handle(SessionHandler.java:181)
	at org.mortbay.jetty.handler.ContextHandler.handle(ContextHandler.java:766)
	at org.mortbay.jetty.webapp.WebAppContext.handle(WebAppContext.java:417)
	at org.mortbay.jetty.servlet.Dispatcher.forward(Dispatcher.java:334)
	at org.mortbay.jetty.servlet.Dispatcher.forward(Dispatcher.java:126)
	at org.codehaus.groovy.grails.web.util.WebUtils.forwardRequestForUrlMappingInfo(WebUtils.java:207)
	at org.codehaus.groovy.grails.web.util.WebUtils.forwardRequestForUrlMappingInfo(WebUtils.java:196)
	at org.codehaus.groovy.grails.web.mapping.filter.UrlMappingsFilter.doFilterInternal(UrlMappingsFilter.java:129)
	at org.springframework.web.filter.OncePerRequestFilter.doFilter(OncePerRequestFilter.java:76)
	at org.mortbay.jetty.servlet.ServletHandler$CachedChain.doFilter(ServletHandler.java:1115)
	at org.codehaus.groovy.grails.web.sitemesh.GrailsPageFilter.parsePage(GrailsPageFilter.java:122)
	at org.codehaus.groovy.grails.web.sitemesh.GrailsPageFilter.doFilter(GrailsPageFilter.java:85)
	at org.mortbay.jetty.servlet.ServletHandler$CachedChain.doFilter(ServletHandler.java:1115)
	at org.codehaus.groovy.grails.web.servlet.filter.GrailsReloadServletFilter.doFilterInternal(GrailsReloadServletFilter.java:101)
	at org.springframework.web.filter.OncePerRequestFilter.doFilter(OncePerRequestFilter.java:76)
	at org.mortbay.jetty.servlet.ServletHandler$CachedChain.doFilter(ServletHandler.java:1115)
	at org.codehaus.groovy.grails.web.servlet.mvc.GrailsWebRequestFilter.doFilterInternal(GrailsWebRequestFilter.java:65)
	at org.springframework.web.filter.OncePerRequestFilter.doFilter(OncePerRequestFilter.java:76)
	at org.mortbay.jetty.servlet.ServletHandler$CachedChain.doFilter(ServletHandler.java:1115)
	at org.springframework.web.filter.CharacterEncodingFilter.doFilterInternal(CharacterEncodingFilter.java:96)
	at org.springframework.web.filter.OncePerRequestFilter.doFilter(OncePerRequestFilter.java:76)
	at org.springframework.web.filter.DelegatingFilterProxy.invokeDelegate(DelegatingFilterProxy.java:236)
	at org.springframework.web.filter.DelegatingFilterProxy.doFilter(DelegatingFilterProxy.java:167)
	at org.mortbay.jetty.servlet.ServletHandler$CachedChain.doFilter(ServletHandler.java:1115)
	at org.mortbay.jetty.servlet.ServletHandler.handle(ServletHandler.java:361)
	at org.mortbay.jetty.security.SecurityHandler.handle(SecurityHandler.java:216)
	at org.mortbay.jetty.servlet.SessionHandler.handle(SessionHandler.java:181)
	at org.mortbay.jetty.handler.ContextHandler.handle(ContextHandler.java:766)
	at org.mortbay.jetty.webapp.WebAppContext.handle(WebAppContext.java:417)
	at org.mortbay.jetty.handler.HandlerWrapper.handle(HandlerWrapper.java:152)
	at org.mortbay.jetty.Server.handle(Server.java:324)
	at org.mortbay.jetty.HttpConnection.handleRequest(HttpConnection.java:534)
	at org.mortbay.jetty.HttpConnection$RequestHandler.headerComplete(HttpConnection.java:864)
	at org.mortbay.jetty.HttpParser.parseNext(HttpParser.java:533)
	at org.mortbay.jetty.HttpParser.parseAvailable(HttpParser.java:207)
	at org.mortbay.jetty.HttpConnection.handle(HttpConnection.java:403)
	at org.mortbay.io.nio.SelectChannelEndPoint.run(SelectChannelEndPoint.java:409)
	at org.mortbay.thread.QueuedThreadPool$PoolThread.run(QueuedThreadPool.java:522)
[137907] StackTrace Sanitizing stacktrace:
groovy.lang.MissingPropertyException: No such property: originalrequest for class: UsersController
	at org.codehaus.groovy.runtime.ScriptBytecodeAdapter.unwrap(ScriptBytecodeAdapter.java:50)
	at org.codehaus.groovy.runtime.ScriptBytecodeAdapter.unwrap(ScriptBytecodeAdapter.java:60)
	at org.codehaus.groovy.runtime.ScriptBytecodeAdapter.invokeMethodN(ScriptBytecodeAdapter.java:172)
	at UsersController.getProperty(UsersController)
	at org.codehaus.groovy.runtime.InvokerHelper.getProperty(InvokerHelper.java:173)
	at groovy.lang.Closure.getPropertyTryThese(Closure.java:200)
	at groovy.lang.Closure.getPropertyOwnerFirst(Closure.java:216)
	at groovy.lang.Closure.getProperty(Closure.java:186)
	at org.codehaus.groovy.runtime.ScriptBytecodeAdapter.getGroovyObjectProperty(ScriptBytecodeAdapter.java:535)
	at UsersController$_closure2.doCall(UsersController:6)
	at sun.reflect.NativeMethodAccessorImpl.invoke0(Native Method)
	at sun.reflect.NativeMethodAccessorImpl.invoke(NativeMethodAccessorImpl.java:39)
	at sun.reflect.DelegatingMethodAccessorImpl.invoke(DelegatingMethodAccessorImpl.java:25)
	at java.lang.reflect.Method.invoke(Method.java:597)
	at org.codehaus.groovy.reflection.CachedMethod.invoke(CachedMethod.java:86)
	at groovy.lang.MetaMethod.doMethodInvoke(MetaMethod.java:230)
	at groovy.lang.MetaClassImpl.invokeMethod(MetaClassImpl.java:912)
	at groovy.lang.ExpandoMetaClass.invokeMethod(ExpandoMetaClass.java:946)
	at org.codehaus.groovy.runtime.ScriptBytecodeAdapter.invokeMethodOnCurrentN(ScriptBytecodeAdapter.java:78)
	at UsersController$_closure2.doCall(UsersController)
	at sun.reflect.NativeMethodAccessorImpl.invoke0(Native Method)
	at sun.reflect.NativeMethodAccessorImpl.invoke(NativeMethodAccessorImpl.java:39)
	at sun.reflect.DelegatingMethodAccessorImpl.invoke(DelegatingMethodAccessorImpl.java:25)
	at java.lang.reflect.Method.invoke(Method.java:597)
	at org.codehaus.groovy.reflection.CachedMethod.invoke(CachedMethod.java:86)
	at groovy.lang.MetaMethod.doMethodInvoke(MetaMethod.java:230)
	at groovy.lang.MetaClassImpl.invokeMethod(MetaClassImpl.java:912)
	at groovy.lang.ExpandoMetaClass.invokeMethod(ExpandoMetaClass.java:946)
	at groovy.lang.MetaClassImpl.invokeMethod(MetaClassImpl.java:756)
	at groovy.lang.Closure.call(Closure.java:292)
	at groovy.lang.Closure.call(Closure.java:287)
	at org.codehaus.groovy.grails.web.servlet.mvc.SimpleGrailsControllerHelper.handleAction(SimpleGrailsControllerHelper.java:507)
	at org.codehaus.groovy.grails.web.servlet.mvc.SimpleGrailsControllerHelper.executeAction(SimpleGrailsControllerHelper.java:398)
	at org.codehaus.groovy.grails.web.servlet.mvc.SimpleGrailsControllerHelper.handleURI(SimpleGrailsControllerHelper.java:233)
	at org.codehaus.groovy.grails.web.servlet.mvc.SimpleGrailsControllerHelper.handleURI(SimpleGrailsControllerHelper.java:154)
	at org.codehaus.groovy.grails.web.servlet.mvc.SimpleGrailsController.handleRequest(SimpleGrailsController.java:88)
	at org.springframework.web.servlet.mvc.SimpleControllerHandlerAdapter.handle(SimpleControllerHandlerAdapter.java:48)
	at org.codehaus.groovy.grails.web.servlet.GrailsDispatcherServlet.doDispatch(GrailsDispatcherServlet.java:261)
	at org.springframework.web.servlet.DispatcherServlet.doService(DispatcherServlet.java:807)
	at org.springframework.web.servlet.FrameworkServlet.processRequest(FrameworkServlet.java:571)
	at org.springframework.web.servlet.FrameworkServlet.doGet(FrameworkServlet.java:501)
	at javax.servlet.http.HttpServlet.service(HttpServlet.java:707)
	at javax.servlet.http.HttpServlet.service(HttpServlet.java:820)
	at org.mortbay.jetty.servlet.ServletHolder.handle(ServletHolder.java:502)
	at org.mortbay.jetty.servlet.ServletHandler.handle(ServletHandler.java:363)
	at org.mortbay.jetty.security.SecurityHandler.handle(SecurityHandler.java:216)
	at org.mortbay.jetty.servlet.SessionHandler.handle(SessionHandler.java:181)
	at org.mortbay.jetty.handler.ContextHandler.handle(ContextHandler.java:766)
	at org.mortbay.jetty.webapp.WebAppContext.handle(WebAppContext.java:417)
	at org.mortbay.jetty.servlet.Dispatcher.forward(Dispatcher.java:334)
	at org.mortbay.jetty.servlet.Dispatcher.forward(Dispatcher.java:126)
	at org.codehaus.groovy.grails.web.util.WebUtils.forwardRequestForUrlMappingInfo(WebUtils.java:207)
	at org.codehaus.groovy.grails.web.util.WebUtils.forwardRequestForUrlMappingInfo(WebUtils.java:196)
	at org.codehaus.groovy.grails.web.mapping.filter.UrlMappingsFilter.doFilterInternal(UrlMappingsFilter.java:129)
	at org.springframework.web.filter.OncePerRequestFilter.doFilter(OncePerRequestFilter.java:76)
	at org.mortbay.jetty.servlet.ServletHandler$CachedChain.doFilter(ServletHandler.java:1115)
	at org.codehaus.groovy.grails.web.sitemesh.GrailsPageFilter.parsePage(GrailsPageFilter.java:122)
	at org.codehaus.groovy.grails.web.sitemesh.GrailsPageFilter.doFilter(GrailsPageFilter.java:85)
	at org.mortbay.jetty.servlet.ServletHandler$CachedChain.doFilter(ServletHandler.java:1115)
	at org.codehaus.groovy.grails.web.servlet.filter.GrailsReloadServletFilter.doFilterInternal(GrailsReloadServletFilter.java:101)
	at org.springframework.web.filter.OncePerRequestFilter.doFilter(OncePerRequestFilter.java:76)
	at org.mortbay.jetty.servlet.ServletHandler$CachedChain.doFilter(ServletHandler.java:1115)
	at org.codehaus.groovy.grails.web.servlet.mvc.GrailsWebRequestFilter.doFilterInternal(GrailsWebRequestFilter.java:65)
	at org.springframework.web.filter.OncePerRequestFilter.doFilter(OncePerRequestFilter.java:76)
	at org.mortbay.jetty.servlet.ServletHandler$CachedChain.doFilter(ServletHandler.java:1115)
	at org.springframework.web.filter.CharacterEncodingFilter.doFilterInternal(CharacterEncodingFilter.java:96)
	at org.springframework.web.filter.OncePerRequestFilter.doFilter(OncePerRequestFilter.java:76)
	at org.springframework.web.filter.DelegatingFilterProxy.invokeDelegate(DelegatingFilterProxy.java:236)
	at org.springframework.web.filter.DelegatingFilterProxy.doFilter(DelegatingFilterProxy.java:167)
	at org.mortbay.jetty.servlet.ServletHandler$CachedChain.doFilter(ServletHandler.java:1115)
	at org.mortbay.jetty.servlet.ServletHandler.handle(ServletHandler.java:361)
	at org.mortbay.jetty.security.SecurityHandler.handle(SecurityHandler.java:216)
	at org.mortbay.jetty.servlet.SessionHandler.handle(SessionHandler.java:181)
	at org.mortbay.jetty.handler.ContextHandler.handle(ContextHandler.java:766)
	at org.mortbay.jetty.webapp.WebAppContext.handle(WebAppContext.java:417)
	at org.mortbay.jetty.handler.HandlerWrapper.handle(HandlerWrapper.java:152)
	at org.mortbay.jetty.Server.handle(Server.java:324)
	at org.mortbay.jetty.HttpConnection.handleRequest(HttpConnection.java:534)
	at org.mortbay.jetty.HttpConnection$RequestHandler.headerComplete(HttpConnection.java:864)
	at org.mortbay.jetty.HttpParser.parseNext(HttpParser.java:533)
	at org.mortbay.jetty.HttpParser.parseAvailable(HttpParser.java:207)
	at org.mortbay.jetty.HttpConnection.handle(HttpConnection.java:403)
	at org.mortbay.io.nio.SelectChannelEndPoint.run(SelectChannelEndPoint.java:409)
	at org.mortbay.thread.QueuedThreadPool$PoolThread.run(QueuedThreadPool.java:522)
[137908] StackTrace Sanitizing stacktrace:
groovy.lang.MissingPropertyException: No such property: originalrequest for class: UsersController
	at UsersController.getProperty(UsersController)
	at UsersController$_closure2.doCall(UsersController:6)
	at UsersController$_closure2.doCall(UsersController)
